2023-06-06 15:03:43.876 [info] Log level: Info
2023-06-06 15:03:43.876 [info] Validating found git in: "git"
2023-06-06 15:03:43.876 [info] Using git "2.34.1" from "git"
2023-06-06 15:03:43.876 [info] > git rev-parse --show-toplevel [530ms]
2023-06-06 15:03:43.876 [info] fatal: not a git repository (or any of the parent directories): .git
2023-06-06 15:03:43.876 [info] > git rev-parse --show-toplevel [25ms]
2023-06-06 15:03:43.876 [info] fatal: not a git repository (or any of the parent directories): .git
2023-06-06 15:03:43.876 [info] > git rev-parse --show-toplevel [6ms]
2023-06-06 15:03:43.876 [info] fatal: not a git repository (or any of the parent directories): .git
2023-06-06 15:03:43.876 [info] > git rev-parse --show-toplevel [12ms]
2023-06-06 15:03:43.876 [info] fatal: not a git repository (or any of the parent directories): .git
2023-06-06 15:03:43.876 [info] > git rev-parse --show-toplevel [79ms]
2023-06-06 15:03:43.876 [info] fatal: not a git repository (or any of the parent directories): .git
2023-06-06 15:03:43.876 [info] > git rev-parse --show-toplevel [10ms]
2023-06-06 15:03:43.876 [info] fatal: not a git repository (or any of the parent directories): .git
2023-06-06 15:03:43.876 [info] > git rev-parse --show-toplevel [67ms]
2023-06-06 15:03:43.876 [info] fatal: not a git repository (or any of the parent directories): .git
2023-06-06 15:03:43.876 [info] > git rev-parse --show-toplevel [3ms]
2023-06-06 15:03:43.876 [info] fatal: not a git repository (or any of the parent directories): .git
2023-06-06 15:03:43.876 [info] > git rev-parse --show-toplevel [4ms]
2023-06-06 15:03:43.876 [info] fatal: not a git repository (or any of the parent directories): .git
2023-06-06 15:03:43.876 [info] > git rev-parse --show-toplevel [1ms]
2023-06-06 15:03:43.876 [info] fatal: not a git repository (or any of the parent directories): .git
2023-06-06 15:03:43.876 [info] > git rev-parse --show-toplevel [2ms]
2023-06-06 15:03:43.876 [info] > git rev-parse --git-dir --git-common-dir [6ms]
2023-06-06 15:03:43.876 [info] Open repository: /home/cti/multus-cni
2023-06-06 15:03:43.876 [info] > git rev-parse --show-toplevel [18ms]
2023-06-06 15:03:43.876 [info] fatal: not a git repository (or any of the parent directories): .git
2023-06-06 15:03:43.876 [info] > git rev-parse --show-toplevel [35ms]
2023-06-06 15:03:43.876 [info] fatal: not a git repository (or any of the parent directories): .git
2023-06-06 15:03:43.876 [info] > git config --get commit.template [53ms]
2023-06-06 15:03:43.876 [info] > git for-each-ref --format=%(refname)%00%(upstream:short)%00%(objectname)%00%(upstream:track)%00%(upstream:remotename)%00%(upstream:remoteref) refs/heads/master refs/remotes/master [4ms]
2023-06-06 15:03:43.876 [info] > git rev-parse --show-toplevel [8ms]
2023-06-06 15:03:43.876 [info] fatal: not a git repository (or any of the parent directories): .git
2023-06-06 15:03:43.893 [info] > git status -z -uall [349ms]
2023-06-06 15:03:44.027 [info] > git fetch [591ms]
2023-06-06 15:03:44.029 [info] > git config --get commit.template [112ms]
2023-06-06 15:03:44.067 [info] > git for-each-ref --format=%(refname)%00%(upstream:short)%00%(objectname)%00%(upstream:track)%00%(upstream:remotename)%00%(upstream:remoteref) refs/heads/master refs/remotes/master [25ms]
2023-06-06 15:03:44.071 [info] > git config --get commit.template [16ms]
2023-06-06 15:03:44.146 [info] > git for-each-ref --format=%(refname)%00%(upstream:short)%00%(objectname)%00%(upstream:track)%00%(upstream:remotename)%00%(upstream:remoteref) refs/heads/master refs/remotes/master [61ms]
2023-06-06 15:03:44.439 [info] > git check-ignore -v -z --stdin [12ms]
2023-06-06 15:03:44.481 [info] > git status -z -uall [321ms]
