["INFO" - 2:44:43 PM] Extension Name: esbenp.prettier-vscode.
["INFO" - 2:44:43 PM] Extension Version: 9.13.0.
["INFO" - 2:45:08 PM] Formatting file:///home/cti/multus-experiment-files/net-attach-def.yaml
["INFO" - 2:45:08 PM] Using ignore file (if present) at /home/cti/.prettierignore
["INFO" - 2:45:08 PM] File Info:
{
  "ignored": false,
  "inferredParser": "yaml"
}
["INFO" - 2:45:08 PM] No local configuration (i.e. .prettierrc or .editorconfig) detected, falling back to VS Code configuration
["INFO" - 2:45:08 PM] Prettier Options:
{
  "arrowParens": "always",
  "bracketSpacing": true,
  "endOfLine": "lf",
  "htmlWhitespaceSensitivity": "css",
  "insertPragma": false,
  "singleAttributePerLine": false,
  "bracketSameLine": false,
  "jsxBracketSameLine": false,
  "jsxSingleQuote": true,
  "printWidth": 90,
  "proseWrap": "preserve",
  "quoteProps": "as-needed",
  "requirePragma": false,
  "semi": true,
  "singleQuote": true,
  "tabWidth": 2,
  "trailingComma": "es5",
  "useTabs": false,
  "embeddedLanguageFormatting": "auto",
  "vueIndentScriptAndStyle": false,
  "filepath": "/home/cti/multus-experiment-files/net-attach-def.yaml",
  "parser": "yaml"
}
["INFO" - 2:45:08 PM] Formatting completed in 132ms.
["INFO" - 2:46:53 PM] Formatting file:///home/cti/multus-experiment-files/net-attach-def.yaml
["INFO" - 2:46:53 PM] Using ignore file (if present) at /home/cti/.prettierignore
["INFO" - 2:46:53 PM] File Info:
{
  "ignored": false,
  "inferredParser": "yaml"
}
["INFO" - 2:46:53 PM] No local configuration (i.e. .prettierrc or .editorconfig) detected, falling back to VS Code configuration
["INFO" - 2:46:53 PM] Prettier Options:
{
  "arrowParens": "always",
  "bracketSpacing": true,
  "endOfLine": "lf",
  "htmlWhitespaceSensitivity": "css",
  "insertPragma": false,
  "singleAttributePerLine": false,
  "bracketSameLine": false,
  "jsxBracketSameLine": false,
  "jsxSingleQuote": true,
  "printWidth": 90,
  "proseWrap": "preserve",
  "quoteProps": "as-needed",
  "requirePragma": false,
  "semi": true,
  "singleQuote": true,
  "tabWidth": 2,
  "trailingComma": "es5",
  "useTabs": false,
  "embeddedLanguageFormatting": "auto",
  "vueIndentScriptAndStyle": false,
  "filepath": "/home/cti/multus-experiment-files/net-attach-def.yaml",
  "parser": "yaml"
}
["INFO" - 2:46:53 PM] Formatting completed in 49ms.
["INFO" - 2:47:16 PM] Formatting vscode-userdata:/c%3A/Users/fabio/AppData/Roaming/Code/User/settings.json
["INFO" - 2:47:17 PM] File Info:
{
  "ignored": false,
  "inferredParser": "json"
}
["INFO" - 2:47:17 PM] No local configuration (i.e. .prettierrc or .editorconfig) detected, falling back to VS Code configuration
["INFO" - 2:47:17 PM] Prettier Options:
{
  "arrowParens": "always",
  "bracketSpacing": true,
  "endOfLine": "lf",
  "htmlWhitespaceSensitivity": "css",
  "insertPragma": false,
  "singleAttributePerLine": false,
  "bracketSameLine": false,
  "jsxBracketSameLine": false,
  "jsxSingleQuote": true,
  "printWidth": 90,
  "proseWrap": "preserve",
  "quoteProps": "as-needed",
  "requirePragma": false,
  "semi": true,
  "singleQuote": true,
  "tabWidth": 2,
  "trailingComma": "es5",
  "useTabs": false,
  "embeddedLanguageFormatting": "auto",
  "vueIndentScriptAndStyle": false,
  "filepath": "c:/Users/fabio/AppData/Roaming/Code/User/settings.json",
  "parser": "json"
}
["INFO" - 2:47:17 PM] Formatting completed in 204ms.
["INFO" - 2:53:13 PM] Formatting file:///home/cti/multus-experiment-files/tree-example-pod.yaml
["INFO" - 2:53:13 PM] Using ignore file (if present) at /home/cti/.prettierignore
["INFO" - 2:53:13 PM] File Info:
{
  "ignored": false,
  "inferredParser": "yaml"
}
["INFO" - 2:53:13 PM] No local configuration (i.e. .prettierrc or .editorconfig) detected, falling back to VS Code configuration
["INFO" - 2:53:13 PM] Prettier Options:
{
  "arrowParens": "always",
  "bracketSpacing": true,
  "endOfLine": "lf",
  "htmlWhitespaceSensitivity": "css",
  "insertPragma": false,
  "singleAttributePerLine": false,
  "bracketSameLine": false,
  "jsxBracketSameLine": false,
  "jsxSingleQuote": true,
  "printWidth": 90,
  "proseWrap": "preserve",
  "quoteProps": "as-needed",
  "requirePragma": false,
  "semi": true,
  "singleQuote": true,
  "tabWidth": 2,
  "trailingComma": "es5",
  "useTabs": false,
  "embeddedLanguageFormatting": "auto",
  "vueIndentScriptAndStyle": false,
  "filepath": "/home/cti/multus-experiment-files/tree-example-pod.yaml",
  "parser": "yaml"
}
["INFO" - 2:53:13 PM] Formatting completed in 50ms.
["INFO" - 2:53:36 PM] Formatting file:///home/cti/multus-experiment-files/tree-example-pod.yaml
["INFO" - 2:53:36 PM] Using ignore file (if present) at /home/cti/.prettierignore
["INFO" - 2:53:36 PM] File Info:
{
  "ignored": false,
  "inferredParser": "yaml"
}
["INFO" - 2:53:36 PM] No local configuration (i.e. .prettierrc or .editorconfig) detected, falling back to VS Code configuration
["INFO" - 2:53:36 PM] Prettier Options:
{
  "arrowParens": "always",
  "bracketSpacing": true,
  "endOfLine": "lf",
  "htmlWhitespaceSensitivity": "css",
  "insertPragma": false,
  "singleAttributePerLine": false,
  "bracketSameLine": false,
  "jsxBracketSameLine": false,
  "jsxSingleQuote": true,
  "printWidth": 90,
  "proseWrap": "preserve",
  "quoteProps": "as-needed",
  "requirePragma": false,
  "semi": true,
  "singleQuote": true,
  "tabWidth": 2,
  "trailingComma": "es5",
  "useTabs": false,
  "embeddedLanguageFormatting": "auto",
  "vueIndentScriptAndStyle": false,
  "filepath": "/home/cti/multus-experiment-files/tree-example-pod.yaml",
  "parser": "yaml"
}
["INFO" - 2:53:36 PM] Formatting completed in 29ms.
["INFO" - 2:54:30 PM] Formatting file:///home/cti/multus-experiment-files/tree-example-pod.yaml
["INFO" - 2:54:30 PM] Using ignore file (if present) at /home/cti/.prettierignore
["INFO" - 2:54:30 PM] File Info:
{
  "ignored": false,
  "inferredParser": "yaml"
}
["INFO" - 2:54:30 PM] No local configuration (i.e. .prettierrc or .editorconfig) detected, falling back to VS Code configuration
["INFO" - 2:54:30 PM] Prettier Options:
{
  "arrowParens": "always",
  "bracketSpacing": true,
  "endOfLine": "lf",
  "htmlWhitespaceSensitivity": "css",
  "insertPragma": false,
  "singleAttributePerLine": false,
  "bracketSameLine": false,
  "jsxBracketSameLine": false,
  "jsxSingleQuote": true,
  "printWidth": 90,
  "proseWrap": "preserve",
  "quoteProps": "as-needed",
  "requirePragma": false,
  "semi": true,
  "singleQuote": true,
  "tabWidth": 2,
  "trailingComma": "es5",
  "useTabs": false,
  "embeddedLanguageFormatting": "auto",
  "vueIndentScriptAndStyle": false,
  "filepath": "/home/cti/multus-experiment-files/tree-example-pod.yaml",
  "parser": "yaml"
}
["INFO" - 2:54:30 PM] Formatting completed in 27ms.
["INFO" - 2:54:48 PM] Formatting file:///home/cti/multus-experiment-files/tree-example-pod.yaml
["INFO" - 2:54:48 PM] Using ignore file (if present) at /home/cti/.prettierignore
["INFO" - 2:54:48 PM] File Info:
{
  "ignored": false,
  "inferredParser": "yaml"
}
["INFO" - 2:54:48 PM] No local configuration (i.e. .prettierrc or .editorconfig) detected, falling back to VS Code configuration
["INFO" - 2:54:48 PM] Prettier Options:
{
  "arrowParens": "always",
  "bracketSpacing": true,
  "endOfLine": "lf",
  "htmlWhitespaceSensitivity": "css",
  "insertPragma": false,
  "singleAttributePerLine": false,
  "bracketSameLine": false,
  "jsxBracketSameLine": false,
  "jsxSingleQuote": true,
  "printWidth": 90,
  "proseWrap": "preserve",
  "quoteProps": "as-needed",
  "requirePragma": false,
  "semi": true,
  "singleQuote": true,
  "tabWidth": 2,
  "trailingComma": "es5",
  "useTabs": false,
  "embeddedLanguageFormatting": "auto",
  "vueIndentScriptAndStyle": false,
  "filepath": "/home/cti/multus-experiment-files/tree-example-pod.yaml",
  "parser": "yaml"
}
["INFO" - 2:54:48 PM] Formatting completed in 19ms.
["INFO" - 2:55:00 PM] Formatting file:///home/cti/multus-experiment-files/tree-example-pod.yaml
["INFO" - 2:55:00 PM] Using ignore file (if present) at /home/cti/.prettierignore
["INFO" - 2:55:00 PM] File Info:
{
  "ignored": false,
  "inferredParser": "yaml"
}
["INFO" - 2:55:00 PM] No local configuration (i.e. .prettierrc or .editorconfig) detected, falling back to VS Code configuration
["INFO" - 2:55:00 PM] Prettier Options:
{
  "arrowParens": "always",
  "bracketSpacing": true,
  "endOfLine": "lf",
  "htmlWhitespaceSensitivity": "css",
  "insertPragma": false,
  "singleAttributePerLine": false,
  "bracketSameLine": false,
  "jsxBracketSameLine": false,
  "jsxSingleQuote": true,
  "printWidth": 90,
  "proseWrap": "preserve",
  "quoteProps": "as-needed",
  "requirePragma": false,
  "semi": true,
  "singleQuote": true,
  "tabWidth": 2,
  "trailingComma": "es5",
  "useTabs": false,
  "embeddedLanguageFormatting": "auto",
  "vueIndentScriptAndStyle": false,
  "filepath": "/home/cti/multus-experiment-files/tree-example-pod.yaml",
  "parser": "yaml"
}
["INFO" - 2:55:00 PM] Formatting completed in 21ms.
