2023-06-09 14:08:44.474 [info] Log level: Info
2023-06-09 14:08:44.474 [info] Validating found git in: "git"
2023-06-09 14:08:44.474 [info] Using git "2.34.1" from "git"
2023-06-09 14:08:44.474 [info] > git rev-parse --show-toplevel [753ms]
2023-06-09 14:08:44.474 [info] fatal: not a git repository (or any of the parent directories): .git
2023-06-09 14:08:44.474 [info] > git rev-parse --show-toplevel [4ms]
2023-06-09 14:08:44.474 [info] fatal: not a git repository (or any of the parent directories): .git
2023-06-09 14:08:44.474 [info] > git rev-parse --show-toplevel [4ms]
2023-06-09 14:08:44.474 [info] fatal: not a git repository (or any of the parent directories): .git
2023-06-09 14:08:44.474 [info] > git rev-parse --show-toplevel [15ms]
2023-06-09 14:08:44.474 [info] fatal: not a git repository (or any of the parent directories): .git
2023-06-09 14:08:44.474 [info] > git rev-parse --show-toplevel [3ms]
2023-06-09 14:08:44.474 [info] fatal: not a git repository (or any of the parent directories): .git
2023-06-09 14:08:44.474 [info] > git rev-parse --show-toplevel [2ms]
2023-06-09 14:08:44.474 [info] fatal: not a git repository (or any of the parent directories): .git
2023-06-09 14:08:44.474 [info] > git rev-parse --show-toplevel [2ms]
2023-06-09 14:08:44.474 [info] fatal: not a git repository (or any of the parent directories): .git
2023-06-09 14:08:44.474 [info] > git rev-parse --show-toplevel [1ms]
2023-06-09 14:08:44.474 [info] fatal: not a git repository (or any of the parent directories): .git
2023-06-09 14:08:44.474 [info] > git rev-parse --show-toplevel [2ms]
2023-06-09 14:08:44.474 [info] fatal: not a git repository (or any of the parent directories): .git
2023-06-09 14:08:44.474 [info] > git rev-parse --show-toplevel [3ms]
2023-06-09 14:08:44.474 [info] fatal: not a git repository (or any of the parent directories): .git
2023-06-09 14:08:44.474 [info] > git rev-parse --show-toplevel [1ms]
2023-06-09 14:08:44.474 [info] fatal: not a git repository (or any of the parent directories): .git
2023-06-09 14:08:44.474 [info] > git rev-parse --show-toplevel [2ms]
2023-06-09 14:08:44.474 [info] > git rev-parse --git-dir --git-common-dir [2ms]
2023-06-09 14:08:44.474 [info] Open repository: /home/cti/multus-cni
2023-06-09 14:08:44.474 [info] > git rev-parse --show-toplevel [11ms]
2023-06-09 14:08:44.474 [info] fatal: not a git repository (or any of the parent directories): .git
2023-06-09 14:08:44.474 [info] > git config --get commit.template [11ms]
2023-06-09 14:08:44.474 [info] > git rev-parse --show-toplevel [4ms]
2023-06-09 14:08:44.474 [info] fatal: not a git repository (or any of the parent directories): .git
2023-06-09 14:08:44.474 [info] > git for-each-ref --format=%(refname)%00%(upstream:short)%00%(objectname)%00%(upstream:track)%00%(upstream:remotename)%00%(upstream:remoteref) refs/heads/master refs/remotes/master [3ms]
2023-06-09 14:08:44.474 [info] > git rev-parse --show-toplevel [3ms]
2023-06-09 14:08:44.474 [info] fatal: not a git repository (or any of the parent directories): .git
2023-06-09 14:08:44.474 [info] > git rev-parse --show-toplevel [2ms]
2023-06-09 14:08:44.474 [info] fatal: not a git repository (or any of the parent directories): .git
2023-06-09 14:08:44.474 [info] > git rev-parse --show-toplevel [1ms]
2023-06-09 14:08:44.474 [info] fatal: not a git repository (or any of the parent directories): .git
2023-06-09 14:08:44.732 [info] > git status -z -uall --find-renames=50% [336ms]
2023-06-09 14:08:44.893 [info] > git config --get commit.template [136ms]
2023-06-09 14:08:44.906 [info] > git for-each-ref --format=%(refname)%00%(upstream:short)%00%(objectname)%00%(upstream:track)%00%(upstream:remotename)%00%(upstream:remoteref) refs/heads/master refs/remotes/master [2ms]
2023-06-09 14:08:44.964 [info] > git fetch [632ms]
2023-06-09 14:08:44.978 [info] > git status -z -uall --find-renames=50% [62ms] (cancelled)
2023-06-09 14:08:44.980 [info] > git config --get commit.template [2ms]
2023-06-09 14:08:44.993 [info] > git for-each-ref --format=%(refname)%00%(upstream:short)%00%(objectname)%00%(upstream:track)%00%(upstream:remotename)%00%(upstream:remoteref) refs/heads/master refs/remotes/master [3ms]
2023-06-09 14:08:45.018 [info] > git check-ignore -v -z --stdin [4ms]
2023-06-09 14:08:45.329 [info] > git status -z -uall --find-renames=50% [327ms]
2023-06-09 14:08:46.567 [info] > git rev-parse --show-toplevel [258ms]
2023-06-09 14:08:46.567 [info] fatal: not a git repository (or any of the parent directories): .git
2023-06-09 14:12:49.506 [info] > git fetch [615ms]
2023-06-09 14:12:49.543 [info] > git for-each-ref --format=%(refname)%00%(upstream:short)%00%(objectname)%00%(upstream:track)%00%(upstream:remotename)%00%(upstream:remoteref) refs/heads/master refs/remotes/master [2ms]
2023-06-09 14:12:49.544 [info] > git config --get commit.template [20ms]
2023-06-09 14:12:49.883 [info] > git status -z -uall --find-renames=50% [323ms]
2023-06-09 14:17:24.051 [info] > git fetch [588ms]
2023-06-09 14:17:24.074 [info] > git config --get commit.template [2ms]
2023-06-09 14:17:24.092 [info] > git for-each-ref --format=%(refname)%00%(upstream:short)%00%(objectname)%00%(upstream:track)%00%(upstream:remotename)%00%(upstream:remoteref) refs/heads/master refs/remotes/master [2ms]
2023-06-09 14:17:24.426 [info] > git status -z -uall --find-renames=50% [319ms]
2023-06-09 14:26:46.110 [info] > git fetch [587ms]
2023-06-09 14:26:46.146 [info] > git config --get commit.template [19ms]
2023-06-09 14:26:46.146 [info] > git for-each-ref --format=%(refname)%00%(upstream:short)%00%(objectname)%00%(upstream:track)%00%(upstream:remotename)%00%(upstream:remoteref) refs/heads/master refs/remotes/master [3ms]
2023-06-09 14:26:46.483 [info] > git status -z -uall --find-renames=50% [321ms]
2023-06-09 14:29:22.135 [info] > git rev-parse --show-toplevel [8ms]
2023-06-09 14:29:22.135 [info] fatal: not a git repository (or any of the parent directories): .git
2023-06-09 14:29:47.100 [info] > git fetch [596ms]
2023-06-09 14:29:47.133 [info] > git config --get commit.template [16ms]
2023-06-09 14:29:47.134 [info] > git for-each-ref --format=%(refname)%00%(upstream:short)%00%(objectname)%00%(upstream:track)%00%(upstream:remotename)%00%(upstream:remoteref) refs/heads/master refs/remotes/master [2ms]
2023-06-09 14:29:47.501 [info] > git status -z -uall --find-renames=50% [353ms]
2023-06-09 14:33:06.298 [info] > git fetch [584ms]
2023-06-09 14:33:06.331 [info] > git config --get commit.template [17ms]
2023-06-09 14:33:06.332 [info] > git for-each-ref --format=%(refname)%00%(upstream:short)%00%(objectname)%00%(upstream:track)%00%(upstream:remotename)%00%(upstream:remoteref) refs/heads/master refs/remotes/master [2ms]
2023-06-09 14:33:06.665 [info] > git status -z -uall --find-renames=50% [319ms]
2023-06-09 14:41:29.673 [info] > git fetch [584ms]
2023-06-09 14:41:29.708 [info] > git config --get commit.template [18ms]
2023-06-09 14:41:29.708 [info] > git for-each-ref --format=%(refname)%00%(upstream:short)%00%(objectname)%00%(upstream:track)%00%(upstream:remotename)%00%(upstream:remoteref) refs/heads/master refs/remotes/master [2ms]
2023-06-09 14:41:30.047 [info] > git status -z -uall --find-renames=50% [322ms]
2023-06-09 15:00:49.837 [info] > git config --get commit.template [18ms]
2023-06-09 15:00:49.838 [info] > git for-each-ref --format=%(refname)%00%(upstream:short)%00%(objectname)%00%(upstream:track)%00%(upstream:remotename)%00%(upstream:remoteref) refs/heads/master refs/remotes/master [3ms]
2023-06-09 15:00:50.185 [info] > git status -z -uall --find-renames=50% [330ms]
2023-06-09 15:00:50.397 [info] > git fetch [600ms]
2023-06-09 15:00:50.431 [info] > git config --get commit.template [17ms]
2023-06-09 15:00:50.432 [info] > git for-each-ref --format=%(refname)%00%(upstream:short)%00%(objectname)%00%(upstream:track)%00%(upstream:remotename)%00%(upstream:remoteref) refs/heads/master refs/remotes/master [2ms]
2023-06-09 15:00:50.775 [info] > git status -z -uall --find-renames=50% [327ms]
2023-06-09 15:10:56.511 [info] > git config --get commit.template [2ms]
2023-06-09 15:10:56.529 [info] > git for-each-ref --format=%(refname)%00%(upstream:short)%00%(objectname)%00%(upstream:track)%00%(upstream:remotename)%00%(upstream:remoteref) refs/heads/master refs/remotes/master [2ms]
2023-06-09 15:10:56.902 [info] > git status -z -uall --find-renames=50% [356ms]
2023-06-09 15:10:57.081 [info] > git fetch [589ms]
2023-06-09 15:10:57.120 [info] > git for-each-ref --format=%(refname)%00%(upstream:short)%00%(objectname)%00%(upstream:track)%00%(upstream:remotename)%00%(upstream:remoteref) refs/heads/master refs/remotes/master [4ms]
2023-06-09 15:10:57.121 [info] > git config --get commit.template [22ms]
2023-06-09 15:10:57.475 [info] > git status -z -uall --find-renames=50% [339ms]
2023-06-09 15:30:39.583 [info] > git fetch [587ms]
2023-06-09 15:30:39.617 [info] > git config --get commit.template [17ms]
2023-06-09 15:30:39.617 [info] > git for-each-ref --format=%(refname)%00%(upstream:short)%00%(objectname)%00%(upstream:track)%00%(upstream:remotename)%00%(upstream:remoteref) refs/heads/master refs/remotes/master [2ms]
2023-06-09 15:30:39.956 [info] > git status -z -uall --find-renames=50% [321ms]
2023-06-09 15:34:33.138 [info] > git fetch [589ms]
2023-06-09 15:34:33.174 [info] > git config --get commit.template [18ms]
2023-06-09 15:34:33.175 [info] > git for-each-ref --format=%(refname)%00%(upstream:short)%00%(objectname)%00%(upstream:track)%00%(upstream:remotename)%00%(upstream:remoteref) refs/heads/master refs/remotes/master [2ms]
2023-06-09 15:34:33.509 [info] > git status -z -uall --find-renames=50% [319ms]
