2023-06-06 14:24:36.289 [info] Log level: Info
2023-06-06 14:24:36.289 [info] Validating found git in: "git"
2023-06-06 14:24:36.289 [info] Using git "2.34.1" from "git"
2023-06-06 14:24:36.289 [info] > git rev-parse --show-toplevel [9ms]
2023-06-06 14:24:36.289 [info] fatal: not a git repository (or any of the parent directories): .git
2023-06-06 14:24:36.290 [info] > git rev-parse --show-toplevel [4ms]
2023-06-06 14:24:36.290 [info] fatal: not a git repository (or any of the parent directories): .git
2023-06-06 14:24:36.290 [info] > git rev-parse --show-toplevel [2ms]
2023-06-06 14:24:36.290 [info] fatal: not a git repository (or any of the parent directories): .git
2023-06-06 14:24:36.290 [info] > git rev-parse --show-toplevel [2ms]
2023-06-06 14:24:36.290 [info] fatal: not a git repository (or any of the parent directories): .git
2023-06-06 14:24:36.290 [info] > git rev-parse --show-toplevel [2ms]
2023-06-06 14:24:36.290 [info] fatal: not a git repository (or any of the parent directories): .git
2023-06-06 14:24:36.290 [info] > git rev-parse --show-toplevel [9ms]
2023-06-06 14:24:36.290 [info] fatal: not a git repository (or any of the parent directories): .git
2023-06-06 14:24:36.290 [info] > git rev-parse --show-toplevel [2ms]
2023-06-06 14:24:36.290 [info] fatal: not a git repository (or any of the parent directories): .git
2023-06-06 14:24:36.290 [info] > git rev-parse --show-toplevel [1ms]
2023-06-06 14:24:36.290 [info] > git rev-parse --git-dir --git-common-dir [2ms]
2023-06-06 14:24:36.290 [info] Open repository: /home/cti/multus-cni
2023-06-06 14:24:36.290 [info] > git config --get commit.template [12ms]
2023-06-06 14:24:36.290 [info] > git for-each-ref --format=%(refname)%00%(upstream:short)%00%(objectname)%00%(upstream:track)%00%(upstream:remotename)%00%(upstream:remoteref) refs/heads/master refs/remotes/master [5ms]
2023-06-06 14:24:36.363 [info] > git status -z -uall [330ms]
2023-06-06 14:24:36.385 [info] > git config --get commit.template [2ms]
2023-06-06 14:24:36.396 [info] > git for-each-ref --format=%(refname)%00%(upstream:short)%00%(objectname)%00%(upstream:track)%00%(upstream:remotename)%00%(upstream:remoteref) refs/heads/master refs/remotes/master [2ms]
2023-06-06 14:24:36.530 [info] > git check-ignore -v -z --stdin [3ms]
2023-06-06 14:24:36.552 [info] > git fetch [578ms]
2023-06-06 14:24:36.564 [info] > git status -z -uall [161ms] (cancelled)
2023-06-06 14:24:36.565 [info] > git config --get commit.template [2ms]
2023-06-06 14:24:36.576 [info] > git for-each-ref --format=%(refname)%00%(upstream:short)%00%(objectname)%00%(upstream:track)%00%(upstream:remotename)%00%(upstream:remoteref) refs/heads/master refs/remotes/master [2ms]
2023-06-06 14:24:36.909 [info] > git status -z -uall [325ms]
2023-06-06 14:28:47.121 [info] > git fetch [616ms]
2023-06-06 14:28:47.135 [info] > git config --get commit.template [3ms]
2023-06-06 14:28:47.145 [info] > git for-each-ref --format=%(refname)%00%(upstream:short)%00%(objectname)%00%(upstream:track)%00%(upstream:remotename)%00%(upstream:remoteref) refs/heads/master refs/remotes/master [2ms]
2023-06-06 14:28:47.473 [info] > git status -z -uall [321ms]
