2023-06-06 18:09:25.073 [info] Log level: Info
2023-06-06 18:09:25.073 [info] Validating found git in: "git"
2023-06-06 18:09:25.073 [info] Using git "2.34.1" from "git"
2023-06-06 18:09:25.073 [info] > git rev-parse --show-toplevel [571ms]
2023-06-06 18:09:25.073 [info] fatal: not a git repository (or any of the parent directories): .git
2023-06-06 18:09:25.073 [info] > git rev-parse --show-toplevel [4ms]
2023-06-06 18:09:25.073 [info] fatal: not a git repository (or any of the parent directories): .git
2023-06-06 18:09:25.073 [info] > git rev-parse --show-toplevel [2ms]
2023-06-06 18:09:25.073 [info] fatal: not a git repository (or any of the parent directories): .git
2023-06-06 18:09:25.073 [info] > git rev-parse --show-toplevel [1ms]
2023-06-06 18:09:25.073 [info] fatal: not a git repository (or any of the parent directories): .git
2023-06-06 18:09:25.073 [info] > git rev-parse --show-toplevel [1ms]
2023-06-06 18:09:25.073 [info] fatal: not a git repository (or any of the parent directories): .git
2023-06-06 18:09:25.073 [info] > git rev-parse --show-toplevel [2ms]
2023-06-06 18:09:25.073 [info] fatal: not a git repository (or any of the parent directories): .git
2023-06-06 18:09:25.073 [info] > git rev-parse --show-toplevel [21ms]
2023-06-06 18:09:25.073 [info] fatal: not a git repository (or any of the parent directories): .git
2023-06-06 18:09:25.073 [info] > git rev-parse --show-toplevel [2ms]
2023-06-06 18:09:25.073 [info] fatal: not a git repository (or any of the parent directories): .git
2023-06-06 18:09:25.073 [info] > git rev-parse --show-toplevel [2ms]
2023-06-06 18:09:25.073 [info] fatal: not a git repository (or any of the parent directories): .git
2023-06-06 18:09:25.073 [info] > git rev-parse --show-toplevel [2ms]
2023-06-06 18:09:25.073 [info] fatal: not a git repository (or any of the parent directories): .git
2023-06-06 18:09:25.073 [info] > git rev-parse --show-toplevel [11ms]
2023-06-06 18:09:25.073 [info] > git rev-parse --git-dir --git-common-dir [2ms]
2023-06-06 18:09:25.073 [info] Open repository: /home/cti/multus-cni
2023-06-06 18:09:25.073 [info] > git rev-parse --show-toplevel [14ms]
2023-06-06 18:09:25.073 [info] fatal: not a git repository (or any of the parent directories): .git
2023-06-06 18:09:25.073 [info] > git rev-parse --show-toplevel [9ms]
2023-06-06 18:09:25.073 [info] fatal: not a git repository (or any of the parent directories): .git
2023-06-06 18:09:25.073 [info] > git config --get commit.template [30ms]
2023-06-06 18:09:25.073 [info] > git rev-parse --show-toplevel [2ms]
2023-06-06 18:09:25.073 [info] fatal: not a git repository (or any of the parent directories): .git
2023-06-06 18:09:25.073 [info] > git for-each-ref --format=%(refname)%00%(upstream:short)%00%(objectname)%00%(upstream:track)%00%(upstream:remotename)%00%(upstream:remoteref) refs/heads/master refs/remotes/master [23ms]
2023-06-06 18:09:25.073 [info] > git rev-parse --show-toplevel [16ms]
2023-06-06 18:09:25.073 [info] fatal: not a git repository (or any of the parent directories): .git
2023-06-06 18:09:25.073 [info] > git status -z -uall [372ms]
2023-06-06 18:09:25.073 [info] > git config --get commit.template [31ms]
2023-06-06 18:09:25.073 [info] > git for-each-ref --format=%(refname)%00%(upstream:short)%00%(objectname)%00%(upstream:track)%00%(upstream:remotename)%00%(upstream:remoteref) refs/heads/master refs/remotes/master [4ms]
2023-06-06 18:09:25.347 [info] > git status -z -uall [339ms]
2023-06-06 18:09:25.498 [info] > git check-ignore -v -z --stdin [35ms]
2023-06-06 18:12:14.087 [info] > git fetch [595ms]
2023-06-06 18:12:14.118 [info] > git config --get commit.template [16ms]
2023-06-06 18:12:14.120 [info] > git for-each-ref --format=%(refname)%00%(upstream:short)%00%(objectname)%00%(upstream:track)%00%(upstream:remotename)%00%(upstream:remoteref) refs/heads/master refs/remotes/master [3ms]
2023-06-06 18:12:14.454 [info] > git status -z -uall [321ms]
2023-06-06 18:27:14.183 [info] > git fetch [586ms]
2023-06-06 18:27:14.203 [info] > git config --get commit.template [2ms]
2023-06-06 18:27:14.217 [info] > git for-each-ref --format=%(refname)%00%(upstream:short)%00%(objectname)%00%(upstream:track)%00%(upstream:remotename)%00%(upstream:remoteref) refs/heads/master refs/remotes/master [2ms]
2023-06-06 18:27:14.554 [info] > git status -z -uall [324ms]
