["INFO" - 2:08:44 PM] Extension Name: esbenp.prettier-vscode.
["INFO" - 2:08:44 PM] Extension Version: 9.13.0.
["INFO" - 2:09:15 PM] Formatting file:///home/cti/multus-experiment-files/sampletree-pod.yaml
["INFO" - 2:09:15 PM] Using ignore file (if present) at /home/cti/.prettierignore
["INFO" - 2:09:15 PM] File Info:
{
  "ignored": false,
  "inferredParser": "yaml"
}
["INFO" - 2:09:15 PM] No local configuration (i.e. .prettierrc or .editorconfig) detected, falling back to VS Code configuration
["INFO" - 2:09:15 PM] Prettier Options:
{
  "arrowParens": "always",
  "bracketSpacing": true,
  "endOfLine": "lf",
  "htmlWhitespaceSensitivity": "css",
  "insertPragma": false,
  "singleAttributePerLine": false,
  "bracketSameLine": false,
  "jsxBracketSameLine": false,
  "jsxSingleQuote": true,
  "printWidth": 90,
  "proseWrap": "preserve",
  "quoteProps": "as-needed",
  "requirePragma": false,
  "semi": true,
  "singleQuote": true,
  "tabWidth": 2,
  "trailingComma": "es5",
  "useTabs": false,
  "embeddedLanguageFormatting": "auto",
  "vueIndentScriptAndStyle": false,
  "filepath": "/home/cti/multus-experiment-files/sampletree-pod.yaml",
  "parser": "yaml"
}
["INFO" - 2:09:15 PM] Formatting completed in 130ms.
["INFO" - 2:12:54 PM] Formatting file:///home/cti/multus-experiment-files/sampletree-pod.yaml
["INFO" - 2:12:54 PM] Using ignore file (if present) at /home/cti/.prettierignore
["INFO" - 2:12:54 PM] File Info:
{
  "ignored": false,
  "inferredParser": "yaml"
}
["INFO" - 2:12:54 PM] No local configuration (i.e. .prettierrc or .editorconfig) detected, falling back to VS Code configuration
["INFO" - 2:12:54 PM] Prettier Options:
{
  "arrowParens": "always",
  "bracketSpacing": true,
  "endOfLine": "lf",
  "htmlWhitespaceSensitivity": "css",
  "insertPragma": false,
  "singleAttributePerLine": false,
  "bracketSameLine": false,
  "jsxBracketSameLine": false,
  "jsxSingleQuote": true,
  "printWidth": 90,
  "proseWrap": "preserve",
  "quoteProps": "as-needed",
  "requirePragma": false,
  "semi": true,
  "singleQuote": true,
  "tabWidth": 2,
  "trailingComma": "es5",
  "useTabs": false,
  "embeddedLanguageFormatting": "auto",
  "vueIndentScriptAndStyle": false,
  "filepath": "/home/cti/multus-experiment-files/sampletree-pod.yaml",
  "parser": "yaml"
}
["INFO" - 2:12:54 PM] Formatting completed in 33ms.
["INFO" - 2:15:37 PM] Formatting file:///home/cti/multus-experiment-files/sampletree-pod.yaml
["INFO" - 2:15:37 PM] Using ignore file (if present) at /home/cti/.prettierignore
["INFO" - 2:15:37 PM] File Info:
{
  "ignored": false,
  "inferredParser": "yaml"
}
["INFO" - 2:15:37 PM] No local configuration (i.e. .prettierrc or .editorconfig) detected, falling back to VS Code configuration
["INFO" - 2:15:37 PM] Prettier Options:
{
  "arrowParens": "always",
  "bracketSpacing": true,
  "endOfLine": "lf",
  "htmlWhitespaceSensitivity": "css",
  "insertPragma": false,
  "singleAttributePerLine": false,
  "bracketSameLine": false,
  "jsxBracketSameLine": false,
  "jsxSingleQuote": true,
  "printWidth": 90,
  "proseWrap": "preserve",
  "quoteProps": "as-needed",
  "requirePragma": false,
  "semi": true,
  "singleQuote": true,
  "tabWidth": 2,
  "trailingComma": "es5",
  "useTabs": false,
  "embeddedLanguageFormatting": "auto",
  "vueIndentScriptAndStyle": false,
  "filepath": "/home/cti/multus-experiment-files/sampletree-pod.yaml",
  "parser": "yaml"
}
["INFO" - 2:15:37 PM] Formatting completed in 26ms.
