["INFO" - 2:22:49 PM] Extension Name: esbenp.prettier-vscode.
["INFO" - 2:22:49 PM] Extension Version: 9.13.0.
["INFO" - 3:02:07 PM] Formatting file:///home/cti/multus-experiment-files/custom-crd/crdnetwork.yaml
["INFO" - 3:02:07 PM] Using ignore file (if present) at /home/cti/.prettierignore
["INFO" - 3:02:07 PM] File Info:
{
  "ignored": false,
  "inferredParser": "yaml"
}
["INFO" - 3:02:07 PM] No local configuration (i.e. .prettierrc or .editorconfig) detected, falling back to VS Code configuration
["INFO" - 3:02:07 PM] Prettier Options:
{
  "arrowParens": "always",
  "bracketSpacing": true,
  "endOfLine": "lf",
  "htmlWhitespaceSensitivity": "css",
  "insertPragma": false,
  "singleAttributePerLine": false,
  "bracketSameLine": false,
  "jsxBracketSameLine": false,
  "jsxSingleQuote": true,
  "printWidth": 90,
  "proseWrap": "preserve",
  "quoteProps": "as-needed",
  "requirePragma": false,
  "semi": true,
  "singleQuote": true,
  "tabWidth": 2,
  "trailingComma": "es5",
  "useTabs": false,
  "embeddedLanguageFormatting": "auto",
  "vueIndentScriptAndStyle": false,
  "filepath": "/home/cti/multus-experiment-files/custom-crd/crdnetwork.yaml",
  "parser": "yaml"
}
["INFO" - 3:02:07 PM] Formatting completed in 151ms.
["INFO" - 3:05:14 PM] Formatting vscode-userdata:/c%3A/Users/fabio/AppData/Roaming/Code/User/settings.json
["INFO" - 3:05:14 PM] File Info:
{
  "ignored": false,
  "inferredParser": "json"
}
["INFO" - 3:05:14 PM] No local configuration (i.e. .prettierrc or .editorconfig) detected, falling back to VS Code configuration
["INFO" - 3:05:14 PM] Prettier Options:
{
  "arrowParens": "always",
  "bracketSpacing": true,
  "endOfLine": "lf",
  "htmlWhitespaceSensitivity": "css",
  "insertPragma": false,
  "singleAttributePerLine": false,
  "bracketSameLine": false,
  "jsxBracketSameLine": false,
  "jsxSingleQuote": true,
  "printWidth": 90,
  "proseWrap": "preserve",
  "quoteProps": "as-needed",
  "requirePragma": false,
  "semi": true,
  "singleQuote": true,
  "tabWidth": 2,
  "trailingComma": "es5",
  "useTabs": false,
  "embeddedLanguageFormatting": "auto",
  "vueIndentScriptAndStyle": false,
  "filepath": "c:/Users/fabio/AppData/Roaming/Code/User/settings.json",
  "parser": "json"
}
["INFO" - 3:05:15 PM] Formatting completed in 472ms.
["INFO" - 3:05:16 PM] Formatting file:///home/cti/multus-experiment-files/custom-crd/crdnetwork.yaml
["INFO" - 3:05:16 PM] Using ignore file (if present) at /home/cti/.prettierignore
["INFO" - 3:05:16 PM] File Info:
{
  "ignored": false,
  "inferredParser": "yaml"
}
["INFO" - 3:05:16 PM] No local configuration (i.e. .prettierrc or .editorconfig) detected, falling back to VS Code configuration
["INFO" - 3:05:16 PM] Prettier Options:
{
  "arrowParens": "always",
  "bracketSpacing": true,
  "endOfLine": "lf",
  "htmlWhitespaceSensitivity": "css",
  "insertPragma": false,
  "singleAttributePerLine": false,
  "bracketSameLine": false,
  "jsxBracketSameLine": false,
  "jsxSingleQuote": true,
  "printWidth": 90,
  "proseWrap": "preserve",
  "quoteProps": "as-needed",
  "requirePragma": false,
  "semi": true,
  "singleQuote": true,
  "tabWidth": 2,
  "trailingComma": "es5",
  "useTabs": false,
  "embeddedLanguageFormatting": "auto",
  "vueIndentScriptAndStyle": false,
  "filepath": "/home/cti/multus-experiment-files/custom-crd/crdnetwork.yaml",
  "parser": "yaml"
}
["INFO" - 3:05:16 PM] Formatting completed in 40ms.
["INFO" - 3:05:17 PM] Formatting vscode-userdata:/c%3A/Users/fabio/AppData/Roaming/Code/User/settings.json
["INFO" - 3:05:17 PM] File Info:
{
  "ignored": false,
  "inferredParser": "json"
}
["INFO" - 3:05:17 PM] No local configuration (i.e. .prettierrc or .editorconfig) detected, falling back to VS Code configuration
["INFO" - 3:05:17 PM] Prettier Options:
{
  "arrowParens": "always",
  "bracketSpacing": true,
  "endOfLine": "lf",
  "htmlWhitespaceSensitivity": "css",
  "insertPragma": false,
  "singleAttributePerLine": false,
  "bracketSameLine": false,
  "jsxBracketSameLine": false,
  "jsxSingleQuote": true,
  "printWidth": 90,
  "proseWrap": "preserve",
  "quoteProps": "as-needed",
  "requirePragma": false,
  "semi": true,
  "singleQuote": true,
  "tabWidth": 2,
  "trailingComma": "es5",
  "useTabs": false,
  "embeddedLanguageFormatting": "auto",
  "vueIndentScriptAndStyle": false,
  "filepath": "c:/Users/fabio/AppData/Roaming/Code/User/settings.json",
  "parser": "json"
}
["INFO" - 3:05:17 PM] Formatting completed in 58ms.
["INFO" - 3:06:30 PM] Formatting file:///home/cti/multus-experiment-files/custom-crd/crdnetwork.yaml
["INFO" - 3:06:30 PM] Using ignore file (if present) at /home/cti/.prettierignore
["INFO" - 3:06:30 PM] File Info:
{
  "ignored": false,
  "inferredParser": "yaml"
}
["INFO" - 3:06:30 PM] No local configuration (i.e. .prettierrc or .editorconfig) detected, falling back to VS Code configuration
["INFO" - 3:06:30 PM] Prettier Options:
{
  "arrowParens": "always",
  "bracketSpacing": true,
  "endOfLine": "lf",
  "htmlWhitespaceSensitivity": "css",
  "insertPragma": false,
  "singleAttributePerLine": false,
  "bracketSameLine": false,
  "jsxBracketSameLine": false,
  "jsxSingleQuote": true,
  "printWidth": 90,
  "proseWrap": "preserve",
  "quoteProps": "as-needed",
  "requirePragma": false,
  "semi": true,
  "singleQuote": true,
  "tabWidth": 2,
  "trailingComma": "es5",
  "useTabs": false,
  "embeddedLanguageFormatting": "auto",
  "vueIndentScriptAndStyle": false,
  "filepath": "/home/cti/multus-experiment-files/custom-crd/crdnetwork.yaml",
  "parser": "yaml"
}
["INFO" - 3:06:30 PM] Formatting completed in 37ms.
["INFO" - 3:08:12 PM] Formatting file:///home/cti/multus-experiment-files/custom-crd/crdnetwork.yaml
["INFO" - 3:08:12 PM] Using ignore file (if present) at /home/cti/.prettierignore
["INFO" - 3:08:12 PM] File Info:
{
  "ignored": false,
  "inferredParser": "yaml"
}
["INFO" - 3:08:12 PM] No local configuration (i.e. .prettierrc or .editorconfig) detected, falling back to VS Code configuration
["INFO" - 3:08:12 PM] Prettier Options:
{
  "arrowParens": "always",
  "bracketSpacing": true,
  "endOfLine": "lf",
  "htmlWhitespaceSensitivity": "css",
  "insertPragma": false,
  "singleAttributePerLine": false,
  "bracketSameLine": false,
  "jsxBracketSameLine": false,
  "jsxSingleQuote": true,
  "printWidth": 90,
  "proseWrap": "preserve",
  "quoteProps": "as-needed",
  "requirePragma": false,
  "semi": true,
  "singleQuote": true,
  "tabWidth": 2,
  "trailingComma": "es5",
  "useTabs": false,
  "embeddedLanguageFormatting": "auto",
  "vueIndentScriptAndStyle": false,
  "filepath": "/home/cti/multus-experiment-files/custom-crd/crdnetwork.yaml",
  "parser": "yaml"
}
["INFO" - 3:08:12 PM] Formatting completed in 36ms.
["INFO" - 3:11:53 PM] Formatting file:///home/cti/multus-experiment-files/custom-crd/crdnetwork.yaml
["INFO" - 3:11:53 PM] Using ignore file (if present) at /home/cti/.prettierignore
["INFO" - 3:11:53 PM] File Info:
{
  "ignored": false,
  "inferredParser": "yaml"
}
["INFO" - 3:11:53 PM] No local configuration (i.e. .prettierrc or .editorconfig) detected, falling back to VS Code configuration
["INFO" - 3:11:53 PM] Prettier Options:
{
  "arrowParens": "always",
  "bracketSpacing": true,
  "endOfLine": "lf",
  "htmlWhitespaceSensitivity": "css",
  "insertPragma": false,
  "singleAttributePerLine": false,
  "bracketSameLine": false,
  "jsxBracketSameLine": false,
  "jsxSingleQuote": true,
  "printWidth": 90,
  "proseWrap": "preserve",
  "quoteProps": "as-needed",
  "requirePragma": false,
  "semi": true,
  "singleQuote": true,
  "tabWidth": 2,
  "trailingComma": "es5",
  "useTabs": false,
  "embeddedLanguageFormatting": "auto",
  "vueIndentScriptAndStyle": false,
  "filepath": "/home/cti/multus-experiment-files/custom-crd/crdnetwork.yaml",
  "parser": "yaml"
}
["INFO" - 3:11:53 PM] Formatting completed in 29ms.
["INFO" - 3:11:55 PM] Formatting file:///home/cti/multus-experiment-files/custom-crd/crdnetwork.yaml
["INFO" - 3:11:55 PM] Using ignore file (if present) at /home/cti/.prettierignore
["INFO" - 3:11:55 PM] File Info:
{
  "ignored": false,
  "inferredParser": "yaml"
}
["INFO" - 3:11:55 PM] No local configuration (i.e. .prettierrc or .editorconfig) detected, falling back to VS Code configuration
["INFO" - 3:11:55 PM] Prettier Options:
{
  "arrowParens": "always",
  "bracketSpacing": true,
  "endOfLine": "lf",
  "htmlWhitespaceSensitivity": "css",
  "insertPragma": false,
  "singleAttributePerLine": false,
  "bracketSameLine": false,
  "jsxBracketSameLine": false,
  "jsxSingleQuote": true,
  "printWidth": 90,
  "proseWrap": "preserve",
  "quoteProps": "as-needed",
  "requirePragma": false,
  "semi": true,
  "singleQuote": true,
  "tabWidth": 2,
  "trailingComma": "es5",
  "useTabs": false,
  "embeddedLanguageFormatting": "auto",
  "vueIndentScriptAndStyle": false,
  "filepath": "/home/cti/multus-experiment-files/custom-crd/crdnetwork.yaml",
  "parser": "yaml"
}
["INFO" - 3:11:55 PM] Formatting completed in 27ms.
