2023-06-07 13:23:02.163 [info] Log level: Info
2023-06-07 13:23:02.163 [info] Validating found git in: "git"
2023-06-07 13:23:02.163 [info] Using git "2.34.1" from "git"
2023-06-07 13:23:02.163 [info] > git rev-parse --show-toplevel [579ms]
2023-06-07 13:23:02.163 [info] fatal: not a git repository (or any of the parent directories): .git
2023-06-07 13:23:02.163 [info] > git rev-parse --show-toplevel [26ms]
2023-06-07 13:23:02.163 [info] fatal: not a git repository (or any of the parent directories): .git
2023-06-07 13:23:02.163 [info] > git rev-parse --show-toplevel [11ms]
2023-06-07 13:23:02.164 [info] fatal: not a git repository (or any of the parent directories): .git
2023-06-07 13:23:02.164 [info] > git rev-parse --show-toplevel [6ms]
2023-06-07 13:23:02.164 [info] fatal: not a git repository (or any of the parent directories): .git
2023-06-07 13:23:02.164 [info] > git rev-parse --show-toplevel [2ms]
2023-06-07 13:23:02.164 [info] fatal: not a git repository (or any of the parent directories): .git
2023-06-07 13:23:02.164 [info] > git rev-parse --show-toplevel [2ms]
2023-06-07 13:23:02.164 [info] fatal: not a git repository (or any of the parent directories): .git
2023-06-07 13:23:02.164 [info] > git rev-parse --show-toplevel [2ms]
2023-06-07 13:23:02.164 [info] fatal: not a git repository (or any of the parent directories): .git
2023-06-07 13:23:02.164 [info] > git rev-parse --show-toplevel [2ms]
2023-06-07 13:23:02.164 [info] fatal: not a git repository (or any of the parent directories): .git
2023-06-07 13:23:02.164 [info] > git rev-parse --show-toplevel [2ms]
2023-06-07 13:23:02.164 [info] fatal: not a git repository (or any of the parent directories): .git
2023-06-07 13:23:02.164 [info] > git rev-parse --show-toplevel [3ms]
2023-06-07 13:23:02.164 [info] fatal: not a git repository (or any of the parent directories): .git
2023-06-07 13:23:02.164 [info] > git rev-parse --show-toplevel [1ms]
2023-06-07 13:23:02.164 [info] fatal: not a git repository (or any of the parent directories): .git
2023-06-07 13:23:02.164 [info] > git rev-parse --show-toplevel [65ms]
2023-06-07 13:23:02.164 [info] fatal: not a git repository (or any of the parent directories): .git
2023-06-07 13:23:02.164 [info] > git rev-parse --show-toplevel [5ms]
2023-06-07 13:23:02.164 [info] > git rev-parse --git-dir --git-common-dir [3ms]
2023-06-07 13:23:02.164 [info] Open repository: /home/cti/multus-cni
2023-06-07 13:23:02.164 [info] > git rev-parse --show-toplevel [17ms]
2023-06-07 13:23:02.164 [info] fatal: not a git repository (or any of the parent directories): .git
2023-06-07 13:23:02.164 [info] > git config --get commit.template [15ms]
2023-06-07 13:23:02.164 [info] > git for-each-ref --format=%(refname)%00%(upstream:short)%00%(objectname)%00%(upstream:track)%00%(upstream:remotename)%00%(upstream:remoteref) refs/heads/master refs/remotes/master [5ms]
2023-06-07 13:23:02.238 [info] > git status -z -uall [327ms]
2023-06-07 13:23:02.269 [info] > git config --get commit.template [2ms]
2023-06-07 13:23:02.284 [info] > git for-each-ref --format=%(refname)%00%(upstream:short)%00%(objectname)%00%(upstream:track)%00%(upstream:remotename)%00%(upstream:remoteref) refs/heads/master refs/remotes/master [2ms]
2023-06-07 13:23:02.458 [info] > git fetch [622ms]
2023-06-07 13:23:02.474 [info] > git status -z -uall [179ms] (cancelled)
2023-06-07 13:23:02.477 [info] > git config --get commit.template [4ms]
2023-06-07 13:23:02.492 [info] > git for-each-ref --format=%(refname)%00%(upstream:short)%00%(objectname)%00%(upstream:track)%00%(upstream:remotename)%00%(upstream:remoteref) refs/heads/master refs/remotes/master [2ms]
2023-06-07 13:23:02.582 [info] > git check-ignore -v -z --stdin [3ms]
2023-06-07 13:23:02.833 [info] > git status -z -uall [328ms]
2023-06-07 13:23:07.357 [info] > git rev-parse --show-toplevel [3ms]
2023-06-07 13:23:07.357 [info] fatal: not a git repository (or any of the parent directories): .git
2023-06-07 13:23:18.210 [info] > git check-ignore -v -z --stdin [6ms]
2023-06-07 13:23:21.048 [info] > git check-ignore -v -z --stdin [3ms]
2023-06-07 13:23:22.002 [info] > git show --textconv :deployments/multus-daemonset.yml [14ms]
2023-06-07 13:23:22.005 [info] > git ls-files --stage -- /home/cti/multus-cni/deployments/multus-daemonset.yml [3ms]
2023-06-07 13:23:22.019 [info] > git cat-file -s ab626a666ff639e5731e83a8eda9e1ae029463e3 [2ms]
2023-06-07 13:24:13.642 [info] > git rev-parse --show-toplevel [5ms]
2023-06-07 13:24:13.642 [info] fatal: not a git repository (or any of the parent directories): .git
2023-06-07 13:24:59.983 [info] > git rev-parse --show-toplevel [8ms]
2023-06-07 13:24:59.983 [info] fatal: not a git repository (or any of the parent directories): .git
2023-06-07 13:25:22.971 [info] > git rev-parse --show-toplevel [3ms]
2023-06-07 13:25:22.971 [info] fatal: not a git repository (or any of the parent directories): .git
2023-06-07 13:25:32.132 [info] > git rev-parse --show-toplevel [3ms]
2023-06-07 13:25:32.132 [info] fatal: not a git repository (or any of the parent directories): .git
2023-06-07 13:25:32.738 [info] > git rev-parse --show-toplevel [3ms]
2023-06-07 13:25:32.738 [info] fatal: not a git repository (or any of the parent directories): .git
2023-06-07 13:26:03.429 [info] > git fetch [578ms]
2023-06-07 13:26:03.461 [info] > git config --get commit.template [17ms]
2023-06-07 13:26:03.462 [info] > git for-each-ref --format=%(refname)%00%(upstream:short)%00%(objectname)%00%(upstream:track)%00%(upstream:remotename)%00%(upstream:remoteref) refs/heads/master refs/remotes/master [3ms]
2023-06-07 13:26:03.794 [info] > git status -z -uall [318ms]
2023-06-07 13:26:04.763 [info] > git ls-files --stage -- /home/cti/multus-cni/deployments/multus-daemonset.yml [3ms]
2023-06-07 13:26:04.778 [info] > git cat-file -s ab626a666ff639e5731e83a8eda9e1ae029463e3 [2ms]
2023-06-07 13:26:04.867 [info] > git show --textconv :deployments/multus-daemonset.yml [4ms]
2023-06-07 13:29:04.407 [info] > git fetch [592ms]
2023-06-07 13:29:04.442 [info] > git config --get commit.template [18ms]
2023-06-07 13:29:04.443 [info] > git for-each-ref --format=%(refname)%00%(upstream:short)%00%(objectname)%00%(upstream:track)%00%(upstream:remotename)%00%(upstream:remoteref) refs/heads/master refs/remotes/master [3ms]
2023-06-07 13:29:04.785 [info] > git status -z -uall [326ms]
2023-06-07 13:29:05.743 [info] > git ls-files --stage -- /home/cti/multus-cni/deployments/multus-daemonset.yml [4ms]
2023-06-07 13:29:05.760 [info] > git cat-file -s ab626a666ff639e5731e83a8eda9e1ae029463e3 [2ms]
2023-06-07 13:29:05.852 [info] > git show --textconv :deployments/multus-daemonset.yml [4ms]
2023-06-07 13:31:40.828 [info] > git rev-parse --show-toplevel [2ms]
2023-06-07 13:31:40.828 [info] fatal: not a git repository (or any of the parent directories): .git
2023-06-07 13:32:05.421 [info] > git fetch [614ms]
2023-06-07 13:32:05.460 [info] > git config --get commit.template [19ms]
2023-06-07 13:32:05.462 [info] > git for-each-ref --format=%(refname)%00%(upstream:short)%00%(objectname)%00%(upstream:track)%00%(upstream:remotename)%00%(upstream:remoteref) refs/heads/master refs/remotes/master [3ms]
2023-06-07 13:32:05.798 [info] > git status -z -uall [319ms]
2023-06-07 13:32:06.754 [info] > git ls-files --stage -- /home/cti/multus-cni/deployments/multus-daemonset.yml [3ms]
2023-06-07 13:32:06.772 [info] > git cat-file -s ab626a666ff639e5731e83a8eda9e1ae029463e3 [3ms]
2023-06-07 13:32:06.866 [info] > git show --textconv :deployments/multus-daemonset.yml [6ms]
2023-06-07 13:33:28.106 [info] > git rev-parse --show-toplevel [4ms]
2023-06-07 13:33:28.106 [info] fatal: not a git repository (or any of the parent directories): .git
2023-06-07 13:33:29.307 [info] > git rev-parse --show-toplevel [4ms]
2023-06-07 13:33:29.307 [info] fatal: not a git repository (or any of the parent directories): .git
2023-06-07 13:33:38.515 [info] > git rev-parse --show-toplevel [3ms]
2023-06-07 13:33:38.515 [info] fatal: not a git repository (or any of the parent directories): .git
2023-06-07 13:33:39.583 [info] > git rev-parse --show-toplevel [3ms]
2023-06-07 13:33:39.583 [info] fatal: not a git repository (or any of the parent directories): .git
2023-06-07 13:34:02.091 [info] > git rev-parse --show-toplevel [2ms]
2023-06-07 13:34:02.091 [info] fatal: not a git repository (or any of the parent directories): .git
2023-06-07 13:34:46.252 [info] > git rev-parse --show-toplevel [3ms]
2023-06-07 13:34:46.252 [info] fatal: not a git repository (or any of the parent directories): .git
2023-06-07 13:34:49.439 [info] > git rev-parse --show-toplevel [5ms]
2023-06-07 13:34:49.439 [info] fatal: not a git repository (or any of the parent directories): .git
2023-06-07 13:35:05.027 [info] > git rev-parse --show-toplevel [3ms]
2023-06-07 13:35:05.028 [info] fatal: not a git repository (or any of the parent directories): .git
2023-06-07 13:35:06.404 [info] > git fetch [582ms]
2023-06-07 13:35:06.441 [info] > git config --get commit.template [18ms]
2023-06-07 13:35:06.442 [info] > git for-each-ref --format=%(refname)%00%(upstream:short)%00%(objectname)%00%(upstream:track)%00%(upstream:remotename)%00%(upstream:remoteref) refs/heads/master refs/remotes/master [2ms]
2023-06-07 13:35:06.811 [info] > git status -z -uall [351ms]
2023-06-07 13:35:08.562 [info] > git rev-parse --show-toplevel [3ms]
2023-06-07 13:35:08.562 [info] fatal: not a git repository (or any of the parent directories): .git
2023-06-07 13:35:13.836 [info] > git rev-parse --show-toplevel [4ms]
2023-06-07 13:35:13.836 [info] fatal: not a git repository (or any of the parent directories): .git
2023-06-07 13:35:16.564 [info] > git rev-parse --show-toplevel [3ms]
2023-06-07 13:35:16.564 [info] fatal: not a git repository (or any of the parent directories): .git
2023-06-07 13:35:29.841 [info] > git rev-parse --show-toplevel [3ms]
2023-06-07 13:35:29.842 [info] fatal: not a git repository (or any of the parent directories): .git
2023-06-07 13:35:42.055 [info] > git rev-parse --show-toplevel [3ms]
2023-06-07 13:35:42.055 [info] fatal: not a git repository (or any of the parent directories): .git
2023-06-07 13:35:55.975 [info] > git rev-parse --show-toplevel [3ms]
2023-06-07 13:35:55.975 [info] fatal: not a git repository (or any of the parent directories): .git
2023-06-07 13:38:16.803 [info] > git fetch [602ms]
2023-06-07 13:38:16.840 [info] > git config --get commit.template [18ms]
2023-06-07 13:38:16.841 [info] > git for-each-ref --format=%(refname)%00%(upstream:short)%00%(objectname)%00%(upstream:track)%00%(upstream:remotename)%00%(upstream:remoteref) refs/heads/master refs/remotes/master [2ms]
2023-06-07 13:38:17.211 [info] > git status -z -uall [353ms]
2023-06-07 13:39:53.607 [info] > git rev-parse --show-toplevel [1ms]
2023-06-07 13:39:53.607 [info] fatal: not a git repository (or any of the parent directories): .git
2023-06-07 13:41:17.929 [info] > git fetch [697ms]
2023-06-07 13:41:17.967 [info] > git config --get commit.template [17ms]
2023-06-07 13:41:17.967 [info] > git for-each-ref --format=%(refname)%00%(upstream:short)%00%(objectname)%00%(upstream:track)%00%(upstream:remotename)%00%(upstream:remoteref) refs/heads/master refs/remotes/master [2ms]
2023-06-07 13:41:18.308 [info] > git status -z -uall [325ms]
2023-06-07 13:48:14.651 [info] > git fetch [1596ms]
2023-06-07 13:48:14.688 [info] > git config --get commit.template [20ms]
2023-06-07 13:48:14.688 [info] > git for-each-ref --format=%(refname)%00%(upstream:short)%00%(objectname)%00%(upstream:track)%00%(upstream:remotename)%00%(upstream:remoteref) refs/heads/master refs/remotes/master [2ms]
2023-06-07 13:48:15.026 [info] > git status -z -uall [320ms]
2023-06-07 13:49:11.232 [info] > git rev-parse --show-toplevel [3ms]
2023-06-07 13:49:11.232 [info] fatal: not a git repository (or any of the parent directories): .git
2023-06-07 13:51:15.641 [info] > git fetch [593ms]
2023-06-07 13:51:15.680 [info] > git config --get commit.template [20ms]
2023-06-07 13:51:15.680 [info] > git for-each-ref --format=%(refname)%00%(upstream:short)%00%(objectname)%00%(upstream:track)%00%(upstream:remotename)%00%(upstream:remoteref) refs/heads/master refs/remotes/master [2ms]
2023-06-07 13:51:16.059 [info] > git status -z -uall [360ms]
2023-06-07 13:54:16.709 [info] > git fetch [628ms]
2023-06-07 13:54:16.749 [info] > git config --get commit.template [19ms]
2023-06-07 13:54:16.751 [info] > git for-each-ref --format=%(refname)%00%(upstream:short)%00%(objectname)%00%(upstream:track)%00%(upstream:remotename)%00%(upstream:remoteref) refs/heads/master refs/remotes/master [3ms]
2023-06-07 13:54:17.092 [info] > git status -z -uall [322ms]
2023-06-07 13:57:21.751 [info] > git fetch [638ms]
2023-06-07 13:57:21.795 [info] > git config --get commit.template [23ms]
2023-06-07 13:57:21.796 [info] > git for-each-ref --format=%(refname)%00%(upstream:short)%00%(objectname)%00%(upstream:track)%00%(upstream:remotename)%00%(upstream:remoteref) refs/heads/master refs/remotes/master [4ms]
2023-06-07 13:57:22.132 [info] > git status -z -uall [317ms]
2023-06-07 14:01:30.242 [info] > git fetch [588ms]
2023-06-07 14:01:30.280 [info] > git config --get commit.template [19ms]
2023-06-07 14:01:30.281 [info] > git for-each-ref --format=%(refname)%00%(upstream:short)%00%(objectname)%00%(upstream:track)%00%(upstream:remotename)%00%(upstream:remoteref) refs/heads/master refs/remotes/master [2ms]
2023-06-07 14:01:30.620 [info] > git status -z -uall [320ms]
2023-06-07 14:02:52.342 [info] > git rev-parse --show-toplevel [5ms]
2023-06-07 14:02:52.343 [info] fatal: not a git repository (or any of the parent directories): .git
2023-06-07 14:03:16.470 [info] > git rev-parse --show-toplevel [6ms]
2023-06-07 14:03:16.470 [info] fatal: not a git repository (or any of the parent directories): .git
2023-06-07 14:05:28.888 [info] > git fetch [587ms]
2023-06-07 14:05:28.927 [info] > git config --get commit.template [20ms]
2023-06-07 14:05:28.928 [info] > git for-each-ref --format=%(refname)%00%(upstream:short)%00%(objectname)%00%(upstream:track)%00%(upstream:remotename)%00%(upstream:remoteref) refs/heads/master refs/remotes/master [3ms]
2023-06-07 14:05:29.279 [info] > git status -z -uall [333ms]
2023-06-07 14:05:35.933 [info] > git rev-parse --show-toplevel [2ms]
2023-06-07 14:05:35.933 [info] fatal: not a git repository (or any of the parent directories): .git
2023-06-07 14:05:37.569 [info] > git rev-parse --show-toplevel [6ms]
2023-06-07 14:05:37.569 [info] fatal: not a git repository (or any of the parent directories): .git
2023-06-07 14:08:09.880 [info] > git rev-parse --show-toplevel [3ms]
2023-06-07 14:08:09.880 [info] fatal: not a git repository (or any of the parent directories): .git
2023-06-07 14:08:29.327 [info] > git rev-parse --show-toplevel [2ms]
2023-06-07 14:08:29.327 [info] fatal: not a git repository (or any of the parent directories): .git
2023-06-07 14:08:29.916 [info] > git fetch [614ms]
2023-06-07 14:08:29.954 [info] > git config --get commit.template [19ms]
2023-06-07 14:08:29.955 [info] > git for-each-ref --format=%(refname)%00%(upstream:short)%00%(objectname)%00%(upstream:track)%00%(upstream:remotename)%00%(upstream:remoteref) refs/heads/master refs/remotes/master [2ms]
2023-06-07 14:08:30.291 [info] > git status -z -uall [319ms]
2023-06-07 14:11:30.922 [info] > git fetch [610ms]
2023-06-07 14:11:30.960 [info] > git config --get commit.template [20ms]
2023-06-07 14:11:30.961 [info] > git for-each-ref --format=%(refname)%00%(upstream:short)%00%(objectname)%00%(upstream:track)%00%(upstream:remotename)%00%(upstream:remoteref) refs/heads/master refs/remotes/master [2ms]
2023-06-07 14:11:31.302 [info] > git status -z -uall [324ms]
2023-06-07 14:11:53.586 [info] > git rev-parse --show-toplevel [3ms]
2023-06-07 14:11:53.586 [info] fatal: not a git repository (or any of the parent directories): .git
2023-06-07 14:11:57.602 [info] > git rev-parse --show-toplevel [2ms]
2023-06-07 14:11:57.602 [info] fatal: not a git repository (or any of the parent directories): .git
2023-06-07 14:11:57.796 [info] > git rev-parse --show-toplevel [2ms]
2023-06-07 14:11:57.796 [info] fatal: not a git repository (or any of the parent directories): .git
2023-06-07 14:12:01.512 [info] > git rev-parse --show-toplevel [2ms]
2023-06-07 14:12:01.513 [info] fatal: not a git repository (or any of the parent directories): .git
2023-06-07 14:12:08.735 [info] > git rev-parse --show-toplevel [2ms]
2023-06-07 14:12:08.735 [info] fatal: not a git repository (or any of the parent directories): .git
2023-06-07 14:14:31.916 [info] > git fetch [590ms]
2023-06-07 14:14:31.955 [info] > git config --get commit.template [20ms]
2023-06-07 14:14:31.956 [info] > git for-each-ref --format=%(refname)%00%(upstream:short)%00%(objectname)%00%(upstream:track)%00%(upstream:remotename)%00%(upstream:remoteref) refs/heads/master refs/remotes/master [2ms]
2023-06-07 14:14:32.292 [info] > git status -z -uall [319ms]
2023-06-07 14:15:18.127 [info] > git rev-parse --show-toplevel [2ms]
2023-06-07 14:15:18.127 [info] fatal: not a git repository (or any of the parent directories): .git
2023-06-07 14:15:21.514 [info] > git rev-parse --show-toplevel [3ms]
2023-06-07 14:15:21.514 [info] fatal: not a git repository (or any of the parent directories): .git
2023-06-07 14:16:52.424 [info] > git rev-parse --show-toplevel [3ms]
2023-06-07 14:16:52.424 [info] fatal: not a git repository (or any of the parent directories): .git
2023-06-07 14:16:58.589 [info] > git rev-parse --show-toplevel [2ms]
2023-06-07 14:16:58.590 [info] fatal: not a git repository (or any of the parent directories): .git
2023-06-07 14:17:04.275 [info] > git rev-parse --show-toplevel [2ms]
2023-06-07 14:17:04.276 [info] fatal: not a git repository (or any of the parent directories): .git
2023-06-07 14:17:10.213 [info] > git rev-parse --show-toplevel [4ms]
2023-06-07 14:17:10.213 [info] fatal: not a git repository (or any of the parent directories): .git
2023-06-07 14:17:32.900 [info] > git fetch [584ms]
2023-06-07 14:17:32.938 [info] > git config --get commit.template [19ms]
2023-06-07 14:17:32.939 [info] > git for-each-ref --format=%(refname)%00%(upstream:short)%00%(objectname)%00%(upstream:track)%00%(upstream:remotename)%00%(upstream:remoteref) refs/heads/master refs/remotes/master [2ms]
2023-06-07 14:17:33.280 [info] > git status -z -uall [323ms]
2023-06-07 14:17:41.960 [info] > git rev-parse --show-toplevel [2ms]
2023-06-07 14:17:41.960 [info] fatal: not a git repository (or any of the parent directories): .git
2023-06-07 14:17:58.065 [info] > git rev-parse --show-toplevel [2ms]
2023-06-07 14:17:58.065 [info] fatal: not a git repository (or any of the parent directories): .git
2023-06-07 14:18:31.464 [info] > git rev-parse --show-toplevel [2ms]
2023-06-07 14:18:31.465 [info] fatal: not a git repository (or any of the parent directories): .git
2023-06-07 14:18:32.099 [info] > git rev-parse --show-toplevel [3ms]
2023-06-07 14:18:32.099 [info] fatal: not a git repository (or any of the parent directories): .git
2023-06-07 14:18:32.660 [info] > git rev-parse --show-toplevel [2ms]
2023-06-07 14:18:32.661 [info] fatal: not a git repository (or any of the parent directories): .git
2023-06-07 14:18:33.260 [info] > git rev-parse --show-toplevel [2ms]
2023-06-07 14:18:33.260 [info] fatal: not a git repository (or any of the parent directories): .git
2023-06-07 14:18:33.920 [info] > git rev-parse --show-toplevel [3ms]
2023-06-07 14:18:33.920 [info] fatal: not a git repository (or any of the parent directories): .git
2023-06-07 14:18:34.548 [info] > git rev-parse --show-toplevel [3ms]
2023-06-07 14:18:34.548 [info] fatal: not a git repository (or any of the parent directories): .git
2023-06-07 14:18:35.248 [info] > git rev-parse --show-toplevel [2ms]
2023-06-07 14:18:35.248 [info] fatal: not a git repository (or any of the parent directories): .git
2023-06-07 14:18:36.364 [info] > git rev-parse --show-toplevel [4ms]
2023-06-07 14:18:36.364 [info] fatal: not a git repository (or any of the parent directories): .git
2023-06-07 14:18:36.876 [info] > git rev-parse --show-toplevel [3ms]
2023-06-07 14:18:36.876 [info] fatal: not a git repository (or any of the parent directories): .git
2023-06-07 14:18:38.090 [info] > git rev-parse --show-toplevel [2ms]
2023-06-07 14:18:38.090 [info] fatal: not a git repository (or any of the parent directories): .git
2023-06-07 14:18:38.776 [info] > git rev-parse --show-toplevel [3ms]
2023-06-07 14:18:38.776 [info] fatal: not a git repository (or any of the parent directories): .git
2023-06-07 14:18:41.931 [info] > git rev-parse --show-toplevel [3ms]
2023-06-07 14:18:41.931 [info] fatal: not a git repository (or any of the parent directories): .git
2023-06-07 14:18:46.493 [info] > git rev-parse --show-toplevel [2ms]
2023-06-07 14:18:46.493 [info] fatal: not a git repository (or any of the parent directories): .git
2023-06-07 14:20:50.269 [info] > git fetch [595ms]
2023-06-07 14:20:50.307 [info] > git config --get commit.template [17ms]
2023-06-07 14:20:50.307 [info] > git for-each-ref --format=%(refname)%00%(upstream:short)%00%(objectname)%00%(upstream:track)%00%(upstream:remotename)%00%(upstream:remoteref) refs/heads/master refs/remotes/master [2ms]
2023-06-07 14:20:50.645 [info] > git status -z -uall [320ms]
2023-06-07 14:23:51.240 [info] > git fetch [572ms]
2023-06-07 14:23:51.278 [info] > git config --get commit.template [19ms]
2023-06-07 14:23:51.279 [info] > git for-each-ref --format=%(refname)%00%(upstream:short)%00%(objectname)%00%(upstream:track)%00%(upstream:remotename)%00%(upstream:remoteref) refs/heads/master refs/remotes/master [3ms]
2023-06-07 14:23:51.619 [info] > git status -z -uall [322ms]
2023-06-07 14:26:52.372 [info] > git fetch [731ms]
2023-06-07 14:26:52.410 [info] > git config --get commit.template [20ms]
2023-06-07 14:26:52.411 [info] > git for-each-ref --format=%(refname)%00%(upstream:short)%00%(objectname)%00%(upstream:track)%00%(upstream:remotename)%00%(upstream:remoteref) refs/heads/master refs/remotes/master [3ms]
2023-06-07 14:26:52.764 [info] > git status -z -uall [335ms]
2023-06-07 14:31:05.704 [info] > git fetch [619ms]
2023-06-07 14:31:05.726 [info] > git config --get commit.template [2ms]
2023-06-07 14:31:05.745 [info] > git for-each-ref --format=%(refname)%00%(upstream:short)%00%(objectname)%00%(upstream:track)%00%(upstream:remotename)%00%(upstream:remoteref) refs/heads/master refs/remotes/master [2ms]
2023-06-07 14:31:06.084 [info] > git status -z -uall [321ms]
2023-06-07 14:33:17.996 [info] > git rev-parse --show-toplevel [3ms]
2023-06-07 14:33:17.996 [info] fatal: not a git repository (or any of the parent directories): .git
2023-06-07 14:33:18.146 [info] > git rev-parse --show-toplevel [3ms]
2023-06-07 14:33:18.146 [info] fatal: not a git repository (or any of the parent directories): .git
2023-06-07 14:33:22.655 [info] > git rev-parse --show-toplevel [5ms]
2023-06-07 14:33:22.655 [info] fatal: not a git repository (or any of the parent directories): .git
2023-06-07 14:33:24.239 [info] > git rev-parse --show-toplevel [4ms]
2023-06-07 14:33:24.239 [info] fatal: not a git repository (or any of the parent directories): .git
2023-06-07 14:33:45.503 [info] > git rev-parse --show-toplevel [8ms]
2023-06-07 14:33:45.503 [info] fatal: not a git repository (or any of the parent directories): .git
2023-06-07 14:35:47.618 [info] > git fetch [589ms]
2023-06-07 14:35:47.656 [info] > git config --get commit.template [19ms]
2023-06-07 14:35:47.657 [info] > git for-each-ref --format=%(refname)%00%(upstream:short)%00%(objectname)%00%(upstream:track)%00%(upstream:remotename)%00%(upstream:remoteref) refs/heads/master refs/remotes/master [2ms]
2023-06-07 14:35:47.996 [info] > git status -z -uall [321ms]
2023-06-07 14:37:34.589 [info] > git rev-parse --show-toplevel [4ms]
2023-06-07 14:37:34.589 [info] fatal: not a git repository (or any of the parent directories): .git
2023-06-07 14:37:35.205 [info] > git rev-parse --show-toplevel [6ms]
2023-06-07 14:37:35.205 [info] fatal: not a git repository (or any of the parent directories): .git
2023-06-07 14:38:45.526 [info] > git rev-parse --show-toplevel [6ms]
2023-06-07 14:38:45.526 [info] fatal: not a git repository (or any of the parent directories): .git
2023-06-07 14:38:49.604 [info] > git fetch [1585ms]
2023-06-07 14:38:49.644 [info] > git config --get commit.template [21ms]
2023-06-07 14:38:49.646 [info] > git for-each-ref --format=%(refname)%00%(upstream:short)%00%(objectname)%00%(upstream:track)%00%(upstream:remotename)%00%(upstream:remoteref) refs/heads/master refs/remotes/master [2ms]
2023-06-07 14:38:50.021 [info] > git status -z -uall [357ms]
2023-06-07 14:41:50.686 [info] > git fetch [642ms]
2023-06-07 14:41:50.707 [info] > git config --get commit.template [2ms]
2023-06-07 14:41:50.727 [info] > git for-each-ref --format=%(refname)%00%(upstream:short)%00%(objectname)%00%(upstream:track)%00%(upstream:remotename)%00%(upstream:remoteref) refs/heads/master refs/remotes/master [2ms]
2023-06-07 14:41:51.064 [info] > git status -z -uall [319ms]
2023-06-07 14:42:23.352 [info] > git rev-parse --show-toplevel [5ms]
2023-06-07 14:42:23.352 [info] fatal: not a git repository (or any of the parent directories): .git
2023-06-07 14:44:51.711 [info] > git fetch [623ms]
2023-06-07 14:44:51.752 [info] > git config --get commit.template [20ms]
2023-06-07 14:44:51.753 [info] > git for-each-ref --format=%(refname)%00%(upstream:short)%00%(objectname)%00%(upstream:track)%00%(upstream:remotename)%00%(upstream:remoteref) refs/heads/master refs/remotes/master [3ms]
2023-06-07 14:44:52.093 [info] > git status -z -uall [322ms]
2023-06-07 14:49:02.631 [info] > git fetch [750ms]
2023-06-07 14:49:02.671 [info] > git config --get commit.template [19ms]
2023-06-07 14:49:02.672 [info] > git for-each-ref --format=%(refname)%00%(upstream:short)%00%(objectname)%00%(upstream:track)%00%(upstream:remotename)%00%(upstream:remoteref) refs/heads/master refs/remotes/master [2ms]
2023-06-07 14:49:03.044 [info] > git status -z -uall [350ms]
2023-06-07 14:52:06.774 [info] > git fetch [584ms]
2023-06-07 14:52:06.820 [info] > git config --get commit.template [23ms]
2023-06-07 14:52:06.820 [info] > git for-each-ref --format=%(refname)%00%(upstream:short)%00%(objectname)%00%(upstream:track)%00%(upstream:remotename)%00%(upstream:remoteref) refs/heads/master refs/remotes/master [3ms]
2023-06-07 14:52:07.161 [info] > git status -z -uall [321ms]
2023-06-07 14:55:36.630 [info] > git fetch [600ms]
2023-06-07 14:55:36.672 [info] > git config --get commit.template [22ms]
2023-06-07 14:55:36.673 [info] > git for-each-ref --format=%(refname)%00%(upstream:short)%00%(objectname)%00%(upstream:track)%00%(upstream:remotename)%00%(upstream:remoteref) refs/heads/master refs/remotes/master [2ms]
2023-06-07 14:55:37.012 [info] > git status -z -uall [318ms]
2023-06-07 14:58:37.668 [info] > git fetch [631ms]
2023-06-07 14:58:37.710 [info] > git config --get commit.template [23ms]
2023-06-07 14:58:37.711 [info] > git for-each-ref --format=%(refname)%00%(upstream:short)%00%(objectname)%00%(upstream:track)%00%(upstream:remotename)%00%(upstream:remoteref) refs/heads/master refs/remotes/master [4ms]
2023-06-07 14:58:38.052 [info] > git status -z -uall [322ms]
2023-06-07 15:01:38.712 [info] > git fetch [637ms]
2023-06-07 15:01:38.752 [info] > git config --get commit.template [20ms]
2023-06-07 15:01:38.753 [info] > git for-each-ref --format=%(refname)%00%(upstream:short)%00%(objectname)%00%(upstream:track)%00%(upstream:remotename)%00%(upstream:remoteref) refs/heads/master refs/remotes/master [2ms]
2023-06-07 15:01:39.092 [info] > git status -z -uall [321ms]
2023-06-07 15:04:39.719 [info] > git fetch [605ms]
2023-06-07 15:04:39.744 [info] > git config --get commit.template [2ms]
2023-06-07 15:04:39.766 [info] > git for-each-ref --format=%(refname)%00%(upstream:short)%00%(objectname)%00%(upstream:track)%00%(upstream:remotename)%00%(upstream:remoteref) refs/heads/master refs/remotes/master [2ms]
2023-06-07 15:04:40.105 [info] > git status -z -uall [320ms]
2023-06-07 15:07:40.737 [info] > git fetch [607ms]
2023-06-07 15:07:40.780 [info] > git config --get commit.template [19ms]
2023-06-07 15:07:40.781 [info] > git for-each-ref --format=%(refname)%00%(upstream:short)%00%(objectname)%00%(upstream:track)%00%(upstream:remotename)%00%(upstream:remoteref) refs/heads/master refs/remotes/master [2ms]
2023-06-07 15:07:41.122 [info] > git status -z -uall [322ms]
2023-06-07 15:10:41.729 [info] > git fetch [584ms]
2023-06-07 15:10:41.771 [info] > git config --get commit.template [20ms]
2023-06-07 15:10:41.772 [info] > git for-each-ref --format=%(refname)%00%(upstream:short)%00%(objectname)%00%(upstream:track)%00%(upstream:remotename)%00%(upstream:remoteref) refs/heads/master refs/remotes/master [3ms]
2023-06-07 15:10:42.114 [info] > git status -z -uall [323ms]
2023-06-07 15:14:19.709 [info] > git fetch [594ms]
2023-06-07 15:14:19.750 [info] > git config --get commit.template [21ms]
2023-06-07 15:14:19.752 [info] > git for-each-ref --format=%(refname)%00%(upstream:short)%00%(objectname)%00%(upstream:track)%00%(upstream:remotename)%00%(upstream:remoteref) refs/heads/master refs/remotes/master [3ms]
2023-06-07 15:14:20.089 [info] > git status -z -uall [319ms]
2023-06-07 15:17:11.941 [info] > git show --textconv :deployments/multus-daemonset.yml [21ms]
2023-06-07 15:17:11.943 [info] > git ls-files --stage -- /home/cti/multus-cni/deployments/multus-daemonset.yml [3ms]
2023-06-07 15:17:11.966 [info] > git cat-file -s ab626a666ff639e5731e83a8eda9e1ae029463e3 [4ms]
2023-06-07 15:17:20.726 [info] > git fetch [614ms]
2023-06-07 15:17:20.749 [info] > git config --get commit.template [3ms]
2023-06-07 15:17:20.770 [info] > git for-each-ref --format=%(refname)%00%(upstream:short)%00%(objectname)%00%(upstream:track)%00%(upstream:remotename)%00%(upstream:remoteref) refs/heads/master refs/remotes/master [2ms]
2023-06-07 15:17:21.126 [info] > git status -z -uall [336ms]
2023-06-07 15:17:22.062 [info] > git ls-files --stage -- /home/cti/multus-cni/deployments/multus-daemonset.yml [3ms]
2023-06-07 15:17:22.082 [info] > git cat-file -s ab626a666ff639e5731e83a8eda9e1ae029463e3 [2ms]
2023-06-07 15:17:22.175 [info] > git show --textconv :deployments/multus-daemonset.yml [3ms]
2023-06-07 15:18:31.533 [info] > git rev-parse --show-toplevel [4ms]
2023-06-07 15:18:31.533 [info] fatal: not a git repository (or any of the parent directories): .git
2023-06-07 15:20:26.626 [info] > git fetch [576ms]
2023-06-07 15:20:26.648 [info] > git config --get commit.template [2ms]
2023-06-07 15:20:26.669 [info] > git for-each-ref --format=%(refname)%00%(upstream:short)%00%(objectname)%00%(upstream:track)%00%(upstream:remotename)%00%(upstream:remoteref) refs/heads/master refs/remotes/master [3ms]
2023-06-07 15:20:27.009 [info] > git status -z -uall [321ms]
2023-06-07 15:21:53.325 [info] > git rev-parse --show-toplevel [3ms]
2023-06-07 15:21:53.325 [info] fatal: not a git repository (or any of the parent directories): .git
2023-06-07 15:21:56.279 [info] > git rev-parse --show-toplevel [3ms]
2023-06-07 15:21:56.279 [info] fatal: not a git repository (or any of the parent directories): .git
2023-06-07 15:22:03.757 [info] > git rev-parse --show-toplevel [3ms]
2023-06-07 15:22:03.757 [info] fatal: not a git repository (or any of the parent directories): .git
2023-06-07 15:22:11.116 [info] > git rev-parse --show-toplevel [3ms]
2023-06-07 15:22:11.116 [info] fatal: not a git repository (or any of the parent directories): .git
2023-06-07 15:22:16.024 [info] > git rev-parse --show-toplevel [4ms]
2023-06-07 15:22:16.024 [info] fatal: not a git repository (or any of the parent directories): .git
2023-06-07 15:22:16.487 [info] > git rev-parse --show-toplevel [2ms]
2023-06-07 15:22:16.487 [info] fatal: not a git repository (or any of the parent directories): .git
2023-06-07 15:22:17.796 [info] > git rev-parse --show-toplevel [2ms]
2023-06-07 15:22:17.796 [info] fatal: not a git repository (or any of the parent directories): .git
2023-06-07 15:22:18.413 [info] > git rev-parse --show-toplevel [3ms]
2023-06-07 15:22:18.413 [info] fatal: not a git repository (or any of the parent directories): .git
2023-06-07 15:24:11.603 [info] > git fetch [589ms]
2023-06-07 15:24:11.642 [info] > git config --get commit.template [20ms]
2023-06-07 15:24:11.644 [info] > git for-each-ref --format=%(refname)%00%(upstream:short)%00%(objectname)%00%(upstream:track)%00%(upstream:remotename)%00%(upstream:remoteref) refs/heads/master refs/remotes/master [3ms]
2023-06-07 15:24:11.980 [info] > git status -z -uall [318ms]
2023-06-07 15:24:15.768 [info] > git rev-parse --show-toplevel [3ms]
2023-06-07 15:24:15.768 [info] fatal: not a git repository (or any of the parent directories): .git
2023-06-07 15:24:20.014 [info] > git rev-parse --show-toplevel [3ms]
2023-06-07 15:24:20.014 [info] fatal: not a git repository (or any of the parent directories): .git
2023-06-07 15:24:20.774 [info] > git rev-parse --show-toplevel [2ms]
2023-06-07 15:24:20.774 [info] fatal: not a git repository (or any of the parent directories): .git
2023-06-07 15:24:42.645 [info] > git rev-parse --show-toplevel [3ms]
2023-06-07 15:24:42.645 [info] fatal: not a git repository (or any of the parent directories): .git
2023-06-07 15:24:43.402 [info] > git rev-parse --show-toplevel [2ms]
2023-06-07 15:24:43.402 [info] fatal: not a git repository (or any of the parent directories): .git
2023-06-07 15:24:43.878 [info] > git rev-parse --show-toplevel [2ms]
2023-06-07 15:24:43.878 [info] fatal: not a git repository (or any of the parent directories): .git
2023-06-07 15:24:44.355 [info] > git rev-parse --show-toplevel [4ms]
2023-06-07 15:24:44.355 [info] fatal: not a git repository (or any of the parent directories): .git
2023-06-07 15:54:24.800 [info] > git fetch [1582ms]
2023-06-07 15:54:24.841 [info] > git config --get commit.template [20ms]
2023-06-07 15:54:24.842 [info] > git for-each-ref --format=%(refname)%00%(upstream:short)%00%(objectname)%00%(upstream:track)%00%(upstream:remotename)%00%(upstream:remoteref) refs/heads/master refs/remotes/master [2ms]
2023-06-07 15:54:25.183 [info] > git status -z -uall [321ms]
2023-06-07 15:54:25.685 [info] > git rev-parse --show-toplevel [3ms]
2023-06-07 15:54:25.685 [info] fatal: not a git repository (or any of the parent directories): .git
2023-06-07 15:56:18.259 [info] > git rev-parse --show-toplevel [3ms]
2023-06-07 15:56:18.259 [info] fatal: not a git repository (or any of the parent directories): .git
2023-06-07 15:57:33.195 [info] > git fetch [596ms]
2023-06-07 15:57:33.235 [info] > git config --get commit.template [20ms]
2023-06-07 15:57:33.236 [info] > git for-each-ref --format=%(refname)%00%(upstream:short)%00%(objectname)%00%(upstream:track)%00%(upstream:remotename)%00%(upstream:remoteref) refs/heads/master refs/remotes/master [3ms]
2023-06-07 15:57:33.575 [info] > git status -z -uall [320ms]
2023-06-07 17:50:09.449 [info] > git rev-parse --show-toplevel [12ms]
2023-06-07 17:50:09.449 [info] fatal: not a git repository (or any of the parent directories): .git
2023-06-07 17:52:09.433 [info] > git rev-parse --show-toplevel [10ms]
2023-06-07 17:52:09.433 [info] fatal: not a git repository (or any of the parent directories): .git
2023-06-07 18:13:53.364 [info] > git fetch [598ms]
2023-06-07 18:13:53.407 [info] > git config --get commit.template [22ms]
2023-06-07 18:13:53.408 [info] > git for-each-ref --format=%(refname)%00%(upstream:short)%00%(objectname)%00%(upstream:track)%00%(upstream:remotename)%00%(upstream:remoteref) refs/heads/master refs/remotes/master [2ms]
2023-06-07 18:13:53.749 [info] > git status -z -uall [322ms]
2023-06-07 18:28:48.688 [info] > git fetch [589ms]
2023-06-07 18:28:48.731 [info] > git config --get commit.template [21ms]
2023-06-07 18:28:48.731 [info] > git for-each-ref --format=%(refname)%00%(upstream:short)%00%(objectname)%00%(upstream:track)%00%(upstream:remotename)%00%(upstream:remoteref) refs/heads/master refs/remotes/master [2ms]
2023-06-07 18:28:49.073 [info] > git status -z -uall [322ms]
