["INFO" - 8:22:01 PM] Extension Name: esbenp.prettier-vscode.
["INFO" - 8:22:01 PM] Extension Version: 9.13.0.
["INFO" - 8:22:06 PM] Formatting vscode-userdata:/c%3A/Users/fabio/AppData/Roaming/Code/User/settings.json
["INFO" - 8:22:07 PM] File Info:
{
  "ignored": false,
  "inferredParser": "json"
}
["INFO" - 8:22:07 PM] No local configuration (i.e. .prettierrc or .editorconfig) detected, falling back to VS Code configuration
["INFO" - 8:22:07 PM] Prettier Options:
{
  "arrowParens": "always",
  "bracketSpacing": true,
  "endOfLine": "lf",
  "htmlWhitespaceSensitivity": "css",
  "insertPragma": false,
  "singleAttributePerLine": false,
  "bracketSameLine": false,
  "jsxBracketSameLine": false,
  "jsxSingleQuote": true,
  "printWidth": 90,
  "proseWrap": "preserve",
  "quoteProps": "as-needed",
  "requirePragma": false,
  "semi": true,
  "singleQuote": true,
  "tabWidth": 2,
  "trailingComma": "es5",
  "useTabs": false,
  "embeddedLanguageFormatting": "auto",
  "vueIndentScriptAndStyle": false,
  "filepath": "c:/Users/fabio/AppData/Roaming/Code/User/settings.json",
  "parser": "json"
}
["INFO" - 8:22:07 PM] Formatting completed in 425ms.
