2023-06-14 18:03:10.520 [info] Log level: Info
2023-06-14 18:03:10.520 [info] Validating found git in: "git"
2023-06-14 18:03:10.520 [info] Using git "2.34.1" from "git"
2023-06-14 18:03:10.520 [info] > git rev-parse --show-toplevel [795ms]
2023-06-14 18:03:10.520 [info] fatal: not a git repository (or any of the parent directories): .git
2023-06-14 18:03:10.520 [info] > git rev-parse --show-toplevel [32ms]
2023-06-14 18:03:10.520 [info] fatal: not a git repository (or any of the parent directories): .git
2023-06-14 18:03:10.520 [info] > git rev-parse --show-toplevel [47ms]
2023-06-14 18:03:10.520 [info] fatal: not a git repository (or any of the parent directories): .git
2023-06-14 18:03:10.520 [info] > git rev-parse --show-toplevel [5ms]
2023-06-14 18:03:10.520 [info] fatal: not a git repository (or any of the parent directories): .git
2023-06-14 18:03:10.520 [info] > git rev-parse --show-toplevel [142ms]
2023-06-14 18:03:10.520 [info] fatal: not a git repository (or any of the parent directories): .git
2023-06-14 18:03:10.520 [info] > git rev-parse --show-toplevel [3ms]
2023-06-14 18:03:10.520 [info] fatal: not a git repository (or any of the parent directories): .git
2023-06-14 18:03:10.520 [info] > git rev-parse --show-toplevel [2ms]
2023-06-14 18:03:10.520 [info] fatal: not a git repository (or any of the parent directories): .git
2023-06-14 18:03:10.520 [info] > git rev-parse --show-toplevel [7ms]
2023-06-14 18:03:10.520 [info] fatal: not a git repository (or any of the parent directories): .git
2023-06-14 18:03:10.520 [info] > git rev-parse --show-toplevel [5ms]
2023-06-14 18:03:10.520 [info] fatal: not a git repository (or any of the parent directories): .git
2023-06-14 18:03:10.520 [info] > git rev-parse --show-toplevel [2ms]
2023-06-14 18:03:10.520 [info] fatal: not a git repository (or any of the parent directories): .git
2023-06-14 18:03:10.520 [info] > git rev-parse --show-toplevel [26ms]
2023-06-14 18:03:10.520 [info] fatal: not a git repository (or any of the parent directories): .git
2023-06-14 18:03:10.520 [info] > git rev-parse --show-toplevel [7ms]
2023-06-14 18:03:10.520 [info] fatal: not a git repository (or any of the parent directories): .git
2023-06-14 18:03:10.520 [info] > git rev-parse --show-toplevel [9ms]
2023-06-14 18:03:10.520 [info] fatal: not a git repository (or any of the parent directories): .git
2023-06-14 18:03:10.520 [info] > git rev-parse --show-toplevel [1ms]
2023-06-14 18:03:10.520 [info] fatal: not a git repository (or any of the parent directories): .git
2023-06-14 18:03:10.520 [info] > git rev-parse --show-toplevel [1ms]
2023-06-14 18:03:10.521 [info] fatal: not a git repository (or any of the parent directories): .git
2023-06-14 18:03:10.521 [info] > git rev-parse --show-toplevel [19ms]
2023-06-14 18:03:10.521 [info] fatal: not a git repository (or any of the parent directories): .git
2023-06-14 18:03:10.521 [info] > git rev-parse --show-toplevel [9ms]
2023-06-14 18:03:10.521 [info] fatal: not a git repository (or any of the parent directories): .git
2023-06-14 18:03:10.521 [info] > git rev-parse --show-toplevel [1ms]
2023-06-14 18:03:10.521 [info] fatal: not a git repository (or any of the parent directories): .git
2023-06-14 18:03:10.521 [info] > git rev-parse --show-toplevel [4ms]
2023-06-14 18:03:10.521 [info] > git rev-parse --git-dir --git-common-dir [3ms]
2023-06-14 18:03:10.521 [info] Open repository: /home/cti/multus-cni
2023-06-14 18:03:10.521 [info] > git rev-parse --show-toplevel [28ms]
2023-06-14 18:03:10.521 [info] fatal: not a git repository (or any of the parent directories): .git
2023-06-14 18:03:10.521 [info] > git config --get commit.template [15ms]
2023-06-14 18:03:10.521 [info] > git rev-parse --show-toplevel [5ms]
2023-06-14 18:03:10.521 [info] fatal: not a git repository (or any of the parent directories): .git
2023-06-14 18:03:10.521 [info] > git for-each-ref --format=%(refname)%00%(upstream:short)%00%(objectname)%00%(upstream:track)%00%(upstream:remotename)%00%(upstream:remoteref) refs/heads/master refs/remotes/master [5ms]
2023-06-14 18:03:10.521 [info] > git rev-parse --show-toplevel [35ms]
2023-06-14 18:03:10.521 [info] fatal: not a git repository (or any of the parent directories): .git
2023-06-14 18:03:10.522 [info] > git rev-parse --show-toplevel [10ms]
2023-06-14 18:03:10.522 [info] fatal: not a git repository (or any of the parent directories): .git
2023-06-14 18:03:10.547 [info] > git status -z -uall --find-renames=50% [47ms]
2023-06-14 18:03:10.576 [info] > git rev-parse --show-toplevel [43ms]
2023-06-14 18:03:10.576 [info] fatal: not a git repository (or any of the parent directories): .git
2023-06-14 18:03:10.578 [info] > git config --get commit.template [4ms]
2023-06-14 18:03:10.610 [info] > git for-each-ref --format=%(refname)%00%(upstream:short)%00%(objectname)%00%(upstream:track)%00%(upstream:remotename)%00%(upstream:remoteref) refs/heads/master refs/remotes/master [4ms]
2023-06-14 18:03:10.802 [info] > git status -z -uall --find-renames=50% [181ms]
2023-06-14 18:04:03.882 [info] > git fetch [593ms]
2023-06-14 18:04:03.911 [info] > git config --get commit.template [16ms]
2023-06-14 18:04:03.912 [info] > git for-each-ref --format=%(refname)%00%(upstream:short)%00%(objectname)%00%(upstream:track)%00%(upstream:remotename)%00%(upstream:remoteref) refs/heads/master refs/remotes/master [4ms]
2023-06-14 18:04:03.951 [info] > git status -z -uall --find-renames=50% [27ms]
2023-06-14 18:04:04.848 [info] > git check-ignore -v -z --stdin [2ms]
2023-06-14 18:04:05.045 [info] > git config --get commit.template [15ms]
2023-06-14 18:04:05.045 [info] > git for-each-ref --format=%(refname)%00%(upstream:short)%00%(objectname)%00%(upstream:track)%00%(upstream:remotename)%00%(upstream:remoteref) refs/heads/master refs/remotes/master [3ms]
2023-06-14 18:04:05.083 [info] > git status -z -uall --find-renames=50% [24ms]
2023-06-14 18:04:06.232 [info] > git rev-parse --show-toplevel [13ms]
2023-06-14 18:04:06.232 [info] fatal: not a git repository (or any of the parent directories): .git
2023-06-14 18:04:10.186 [info] > git rev-parse --show-toplevel [5ms]
2023-06-14 18:04:10.186 [info] fatal: not a git repository (or any of the parent directories): .git
2023-06-14 18:04:14.280 [info] > git rev-parse --show-toplevel [12ms]
2023-06-14 18:04:14.280 [info] fatal: not a git repository (or any of the parent directories): .git
2023-06-14 18:33:05.576 [info] > git fetch [603ms]
2023-06-14 18:33:05.611 [info] > git config --get commit.template [18ms]
2023-06-14 18:33:05.612 [info] > git for-each-ref --format=%(refname)%00%(upstream:short)%00%(objectname)%00%(upstream:track)%00%(upstream:remotename)%00%(upstream:remoteref) refs/heads/master refs/remotes/master [4ms]
2023-06-14 18:33:05.652 [info] > git status -z -uall --find-renames=50% [25ms]
2023-06-14 18:33:06.790 [info] > git config --get commit.template [14ms]
2023-06-14 18:33:06.791 [info] > git for-each-ref --format=%(refname)%00%(upstream:short)%00%(objectname)%00%(upstream:track)%00%(upstream:remotename)%00%(upstream:remoteref) refs/heads/master refs/remotes/master [3ms]
2023-06-14 18:33:06.828 [info] > git status -z -uall --find-renames=50% [25ms]
2023-06-14 18:33:44.921 [info] > git rev-parse --show-toplevel [8ms]
2023-06-14 18:33:44.921 [info] fatal: not a git repository (or any of the parent directories): .git
2023-06-14 18:36:06.283 [info] > git fetch [606ms]
2023-06-14 18:36:06.315 [info] > git config --get commit.template [16ms]
2023-06-14 18:36:06.315 [info] > git for-each-ref --format=%(refname)%00%(upstream:short)%00%(objectname)%00%(upstream:track)%00%(upstream:remotename)%00%(upstream:remoteref) refs/heads/master refs/remotes/master [2ms]
2023-06-14 18:36:06.354 [info] > git status -z -uall --find-renames=50% [25ms]
2023-06-14 18:36:07.496 [info] > git config --get commit.template [16ms]
2023-06-14 18:36:07.496 [info] > git for-each-ref --format=%(refname)%00%(upstream:short)%00%(objectname)%00%(upstream:track)%00%(upstream:remotename)%00%(upstream:remoteref) refs/heads/master refs/remotes/master [2ms]
2023-06-14 18:36:07.535 [info] > git status -z -uall --find-renames=50% [24ms]
2023-06-14 18:36:52.930 [info] > git rev-parse --show-toplevel [6ms]
2023-06-14 18:36:52.930 [info] fatal: not a git repository (or any of the parent directories): .git
2023-06-14 18:36:55.456 [info] > git rev-parse --show-toplevel [6ms]
2023-06-14 18:36:55.456 [info] fatal: not a git repository (or any of the parent directories): .git
2023-06-14 18:36:56.012 [info] > git rev-parse --show-toplevel [5ms]
2023-06-14 18:36:56.012 [info] fatal: not a git repository (or any of the parent directories): .git
2023-06-14 18:37:04.873 [info] > git rev-parse --show-toplevel [7ms]
2023-06-14 18:37:04.873 [info] fatal: not a git repository (or any of the parent directories): .git
2023-06-14 18:38:26.486 [info] > git rev-parse --show-toplevel [3ms]
2023-06-14 18:38:26.486 [info] fatal: not a git repository (or any of the parent directories): .git
2023-06-14 18:38:28.191 [info] > git rev-parse --show-toplevel [6ms]
2023-06-14 18:38:28.191 [info] fatal: not a git repository (or any of the parent directories): .git
2023-06-14 18:38:44.879 [info] > git rev-parse --show-toplevel [5ms]
2023-06-14 18:38:44.879 [info] fatal: not a git repository (or any of the parent directories): .git
2023-06-14 18:38:50.942 [info] > git rev-parse --show-toplevel [5ms]
2023-06-14 18:38:50.942 [info] fatal: not a git repository (or any of the parent directories): .git
2023-06-14 18:39:15.842 [info] > git fetch [605ms]
2023-06-14 18:39:15.880 [info] > git config --get commit.template [19ms]
2023-06-14 18:39:15.881 [info] > git for-each-ref --format=%(refname)%00%(upstream:short)%00%(objectname)%00%(upstream:track)%00%(upstream:remotename)%00%(upstream:remoteref) refs/heads/master refs/remotes/master [3ms]
2023-06-14 18:39:15.923 [info] > git status -z -uall --find-renames=50% [24ms]
2023-06-14 18:39:17.024 [info] > git for-each-ref --format=%(refname)%00%(upstream:short)%00%(objectname)%00%(upstream:track)%00%(upstream:remotename)%00%(upstream:remoteref) refs/heads/master refs/remotes/master [9ms]
2023-06-14 18:39:17.025 [info] > git config --get commit.template [30ms]
2023-06-14 18:39:17.072 [info] > git status -z -uall --find-renames=50% [25ms]
2023-06-14 19:05:22.092 [info] > git fetch [577ms]
2023-06-14 19:05:22.132 [info] > git config --get commit.template [20ms]
2023-06-14 19:05:22.133 [info] > git for-each-ref --format=%(refname)%00%(upstream:short)%00%(objectname)%00%(upstream:track)%00%(upstream:remotename)%00%(upstream:remoteref) refs/heads/master refs/remotes/master [2ms]
2023-06-14 19:05:22.191 [info] > git status -z -uall --find-renames=50% [40ms]
2023-06-14 19:05:23.264 [info] > git config --get commit.template [19ms]
2023-06-14 19:05:23.265 [info] > git for-each-ref --format=%(refname)%00%(upstream:short)%00%(objectname)%00%(upstream:track)%00%(upstream:remotename)%00%(upstream:remoteref) refs/heads/master refs/remotes/master [2ms]
2023-06-14 19:05:23.307 [info] > git status -z -uall --find-renames=50% [24ms]
2023-06-14 19:05:28.833 [info] > git rev-parse --show-toplevel [7ms]
2023-06-14 19:05:28.833 [info] fatal: not a git repository (or any of the parent directories): .git
2023-06-14 19:05:30.244 [info] > git rev-parse --show-toplevel [5ms]
2023-06-14 19:05:30.244 [info] fatal: not a git repository (or any of the parent directories): .git
