*
* Visual Studio Code Server
*
* By using the software, you agree to
* the Visual Studio Code Server License Terms (https://aka.ms/vscode-server-license) and
* the Microsoft Privacy Statement (https://privacy.microsoft.com/en-US/privacystatement).
*
Server bound to 127.0.0.1:37977 (IPv4)
Extension host agent listening on 37977

[20:20:03] 




[20:20:03] Extension host agent started.
[20:20:03] [127.0.0.1][13a156ca][ManagementConnection] New connection established.
[20:20:04] [127.0.0.1][da8e7adb][ExtensionHostConnection] New connection established.
[20:20:04] [127.0.0.1][da8e7adb][ExtensionHostConnection] <3245684> Launched Extension Host Process.
[IPC Library: Pty Host]  WARN Shell integration cannot be enabled for executable "/bin/sh" and args [
  '-c',
  'wget --version > /dev/null\n' +
    'if [ $? -eq 0 ]\n' +
    'then\n' +
    "\twget --connect-timeout=7 --tries=1 --dns-timeout=7 -q --header='Metadata:true' -O - http://169.254.169.254/metadata/instance?api-version=2019-03-11\n" +
    'else\n' +
    '\tcurl --version > /dev/null\n' +
    '\tif [ $? -eq 0 ]\n' +
    '\tthen\n' +
    "\t\tcurl --connect-timeout 7 -s --header='Metadata:true' http://169.254.169.254/metadata/instance?api-version=2019-03-11\n" +
    '\tfi\n' +
    'fi\n' +
    'exit 0'
]
[IPC Library: Pty Host]  WARN Shell integration cannot be enabled for executable "/bin/sh" and args [
  '-c',
  'wget --version > /dev/null\n' +
    'if [ $? -eq 0 ]\n' +
    'then\n' +
    '\twget --connect-timeout=7 --tries=1 --dns-timeout=7 -q  -O - http://169.254.169.254/latest/meta-data/instance-id\n' +
    'else\n' +
    '\tcurl --version > /dev/null\n' +
    '\tif [ $? -eq 0 ]\n' +
    '\tthen\n' +
    '\t\tcurl --connect-timeout 7 -s  http://169.254.169.254/latest/meta-data/instance-id\n' +
    '\tfi\n' +
    'fi\n' +
    'exit 0'
]
[IPC Library: Pty Host]  WARN Shell integration cannot be enabled for executable "/bin/sh" and args [
  '-c',
  'wget --version > /dev/null\n' +
    'if [ $? -eq 0 ]\n' +
    'then\n' +
    '\twget --connect-timeout=7 --tries=1 --dns-timeout=7 -q  -O - http://169.254.169.254/metadata/v1/id\n' +
    'else\n' +
    '\tcurl --version > /dev/null\n' +
    '\tif [ $? -eq 0 ]\n' +
    '\tthen\n' +
    '\t\tcurl --connect-timeout 7 -s  http://169.254.169.254/metadata/v1/id\n' +
    '\tfi\n' +
    'fi\n' +
    'exit 0'
]
[IPC Library: Pty Host]  WARN Shell integration cannot be enabled for executable "/bin/sh" and args [
  '-c',
  'wget --version > /dev/null\n' +
    'if [ $? -eq 0 ]\n' +
    'then\n' +
    "\twget --connect-timeout=7 --tries=1 --dns-timeout=7 -q --header='Metadata-Flavor:Google' -O - http://metadata.google.internal/computeMetadata/v1/instance/id\n" +
    'else\n' +
    '\tcurl --version > /dev/null\n' +
    '\tif [ $? -eq 0 ]\n' +
    '\tthen\n' +
    "\t\tcurl --connect-timeout 7 -s --header='Metadata-Flavor:Google' http://metadata.google.internal/computeMetadata/v1/instance/id\n" +
    '\tfi\n' +
    'fi\n' +
    'exit 0'
]
rejected promise not handled within 1 second: CodeExpectedError: Could not find pty on pty host
stack trace: CodeExpectedError: Could not find pty on pty host
    at k.L (/home/cti/.vscode-server/bin/b380da4ef1ee00e224a15c1d4d9793e27c2b6302/out/vs/platform/terminal/node/ptyHostMain.js:28:6920)
    at k.updateTitle (/home/cti/.vscode-server/bin/b380da4ef1ee00e224a15c1d4d9793e27c2b6302/out/vs/platform/terminal/node/ptyHostMain.js:28:2627)
    at Object.call (/home/cti/.vscode-server/bin/b380da4ef1ee00e224a15c1d4d9793e27c2b6302/out/vs/platform/terminal/node/ptyHostMain.js:17:5058)
    at h.s (/home/cti/.vscode-server/bin/b380da4ef1ee00e224a15c1d4d9793e27c2b6302/out/vs/platform/terminal/node/ptyHostMain.js:15:5412)
    at h.q (/home/cti/.vscode-server/bin/b380da4ef1ee00e224a15c1d4d9793e27c2b6302/out/vs/platform/terminal/node/ptyHostMain.js:15:4915)
    at /home/cti/.vscode-server/bin/b380da4ef1ee00e224a15c1d4d9793e27c2b6302/out/vs/platform/terminal/node/ptyHostMain.js:15:4326
    at l.invoke (/home/cti/.vscode-server/bin/b380da4ef1ee00e224a15c1d4d9793e27c2b6302/out/vs/platform/terminal/node/ptyHostMain.js:11:145)
    at u.deliver (/home/cti/.vscode-server/bin/b380da4ef1ee00e224a15c1d4d9793e27c2b6302/out/vs/platform/terminal/node/ptyHostMain.js:11:2125)
    at s.fire (/home/cti/.vscode-server/bin/b380da4ef1ee00e224a15c1d4d9793e27c2b6302/out/vs/platform/terminal/node/ptyHostMain.js:11:1733)
    at process.z (/home/cti/.vscode-server/bin/b380da4ef1ee00e224a15c1d4d9793e27c2b6302/out/vs/platform/terminal/node/ptyHostMain.js:9:21144)
    at process.emit (node:events:513:28)
    at emit (node:internal/child_process:939:14)
    at processTicksAndRejections (node:internal/process/task_queues:84:21)
[20:20:05] Error [CodeExpectedError]: Could not find pty on pty host
    at k.L (/home/cti/.vscode-server/bin/b380da4ef1ee00e224a15c1d4d9793e27c2b6302/out/vs/platform/terminal/node/ptyHostMain.js:28:6920)
    at k.updateTitle (/home/cti/.vscode-server/bin/b380da4ef1ee00e224a15c1d4d9793e27c2b6302/out/vs/platform/terminal/node/ptyHostMain.js:28:2627)
    at Object.call (/home/cti/.vscode-server/bin/b380da4ef1ee00e224a15c1d4d9793e27c2b6302/out/vs/platform/terminal/node/ptyHostMain.js:17:5058)
    at h.s (/home/cti/.vscode-server/bin/b380da4ef1ee00e224a15c1d4d9793e27c2b6302/out/vs/platform/terminal/node/ptyHostMain.js:15:5412)
    at h.q (/home/cti/.vscode-server/bin/b380da4ef1ee00e224a15c1d4d9793e27c2b6302/out/vs/platform/terminal/node/ptyHostMain.js:15:4915)
    at /home/cti/.vscode-server/bin/b380da4ef1ee00e224a15c1d4d9793e27c2b6302/out/vs/platform/terminal/node/ptyHostMain.js:15:4326
    at l.invoke (/home/cti/.vscode-server/bin/b380da4ef1ee00e224a15c1d4d9793e27c2b6302/out/vs/platform/terminal/node/ptyHostMain.js:11:145)
    at u.deliver (/home/cti/.vscode-server/bin/b380da4ef1ee00e224a15c1d4d9793e27c2b6302/out/vs/platform/terminal/node/ptyHostMain.js:11:2125)
    at s.fire (/home/cti/.vscode-server/bin/b380da4ef1ee00e224a15c1d4d9793e27c2b6302/out/vs/platform/terminal/node/ptyHostMain.js:11:1733)
    at process.z (/home/cti/.vscode-server/bin/b380da4ef1ee00e224a15c1d4d9793e27c2b6302/out/vs/platform/terminal/node/ptyHostMain.js:9:21144)
    at process.emit (node:events:513:28)
    at emit (node:internal/child_process:939:14)
    at processTicksAndRejections (node:internal/process/task_queues:84:21)
[20:20:25] [127.0.0.1][13a156ca][ManagementConnection] The client has disconnected gracefully, so the connection will be disposed.
[20:20:25] [127.0.0.1][da8e7adb][ExtensionHostConnection] <3245684> Extension Host Process exited with code: 0, signal: null.
Cancelling previous shutdown timeout
[20:20:25] Cancelling previous shutdown timeout
Last EH closed, waiting before shutting down
[20:20:25] Last EH closed, waiting before shutting down
Got delay-shutdown request while in shutdown timeout, delaying
[20:21:57] Got delay-shutdown request while in shutdown timeout, delaying
Cancelling previous shutdown timeout
[20:21:57] Cancelling previous shutdown timeout
[20:21:57] [127.0.0.1][0c032e22][ManagementConnection] New connection established.
[20:21:57] [127.0.0.1][87afacde][ExtensionHostConnection] New connection established.
[20:21:57] [127.0.0.1][87afacde][ExtensionHostConnection] <3247351> Launched Extension Host Process.
[IPC Library: Pty Host]  WARN Shell integration cannot be enabled for executable "/bin/sh" and args [
  '-c',
  'wget --version > /dev/null\n' +
    'if [ $? -eq 0 ]\n' +
    'then\n' +
    "\twget --connect-timeout=7 --tries=1 --dns-timeout=7 -q --header='Metadata:true' -O - http://169.254.169.254/metadata/instance?api-version=2019-03-11\n" +
    'else\n' +
    '\tcurl --version > /dev/null\n' +
    '\tif [ $? -eq 0 ]\n' +
    '\tthen\n' +
    "\t\tcurl --connect-timeout 7 -s --header='Metadata:true' http://169.254.169.254/metadata/instance?api-version=2019-03-11\n" +
    '\tfi\n' +
    'fi\n' +
    'exit 0'
]
[IPC Library: Pty Host]  WARN Shell integration cannot be enabled for executable "/bin/sh" and args [
  '-c',
  'wget --version > /dev/null\n' +
    'if [ $? -eq 0 ]\n' +
    'then\n' +
    '\twget --connect-timeout=7 --tries=1 --dns-timeout=7 -q  -O - http://169.254.169.254/latest/meta-data/instance-id\n' +
    'else\n' +
    '\tcurl --version > /dev/null\n' +
    '\tif [ $? -eq 0 ]\n' +
    '\tthen\n' +
    '\t\tcurl --connect-timeout 7 -s  http://169.254.169.254/latest/meta-data/instance-id\n' +
    '\tfi\n' +
    'fi\n' +
    'exit 0'
]
[IPC Library: Pty Host]  WARN Shell integration cannot be enabled for executable "/bin/sh" and args [
  '-c',
  'wget --version > /dev/null\n' +
    'if [ $? -eq 0 ]\n' +
    'then\n' +
    '\twget --connect-timeout=7 --tries=1 --dns-timeout=7 -q  -O - http://169.254.169.254/metadata/v1/id\n' +
    'else\n' +
    '\tcurl --version > /dev/null\n' +
    '\tif [ $? -eq 0 ]\n' +
    '\tthen\n' +
    '\t\tcurl --connect-timeout 7 -s  http://169.254.169.254/metadata/v1/id\n' +
    '\tfi\n' +
    'fi\n' +
    'exit 0'
]
[IPC Library: Pty Host]  WARN Shell integration cannot be enabled for executable "/bin/sh" and args [
  '-c',
  'wget --version > /dev/null\n' +
    'if [ $? -eq 0 ]\n' +
    'then\n' +
    "\twget --connect-timeout=7 --tries=1 --dns-timeout=7 -q --header='Metadata-Flavor:Google' -O - http://metadata.google.internal/computeMetadata/v1/instance/id\n" +
    'else\n' +
    '\tcurl --version > /dev/null\n' +
    '\tif [ $? -eq 0 ]\n' +
    '\tthen\n' +
    "\t\tcurl --connect-timeout 7 -s --header='Metadata-Flavor:Google' http://metadata.google.internal/computeMetadata/v1/instance/id\n" +
    '\tfi\n' +
    'fi\n' +
    'exit 0'
]
rejected promise not handled within 1 second: CodeExpectedError: Could not find pty on pty host
stack trace: CodeExpectedError: Could not find pty on pty host
    at k.L (/home/cti/.vscode-server/bin/b380da4ef1ee00e224a15c1d4d9793e27c2b6302/out/vs/platform/terminal/node/ptyHostMain.js:28:6920)
    at k.updateTitle (/home/cti/.vscode-server/bin/b380da4ef1ee00e224a15c1d4d9793e27c2b6302/out/vs/platform/terminal/node/ptyHostMain.js:28:2627)
    at Object.call (/home/cti/.vscode-server/bin/b380da4ef1ee00e224a15c1d4d9793e27c2b6302/out/vs/platform/terminal/node/ptyHostMain.js:17:5058)
    at h.s (/home/cti/.vscode-server/bin/b380da4ef1ee00e224a15c1d4d9793e27c2b6302/out/vs/platform/terminal/node/ptyHostMain.js:15:5412)
    at h.q (/home/cti/.vscode-server/bin/b380da4ef1ee00e224a15c1d4d9793e27c2b6302/out/vs/platform/terminal/node/ptyHostMain.js:15:4915)
    at /home/cti/.vscode-server/bin/b380da4ef1ee00e224a15c1d4d9793e27c2b6302/out/vs/platform/terminal/node/ptyHostMain.js:15:4326
    at l.invoke (/home/cti/.vscode-server/bin/b380da4ef1ee00e224a15c1d4d9793e27c2b6302/out/vs/platform/terminal/node/ptyHostMain.js:11:145)
    at u.deliver (/home/cti/.vscode-server/bin/b380da4ef1ee00e224a15c1d4d9793e27c2b6302/out/vs/platform/terminal/node/ptyHostMain.js:11:2125)
    at s.fire (/home/cti/.vscode-server/bin/b380da4ef1ee00e224a15c1d4d9793e27c2b6302/out/vs/platform/terminal/node/ptyHostMain.js:11:1733)
    at process.z (/home/cti/.vscode-server/bin/b380da4ef1ee00e224a15c1d4d9793e27c2b6302/out/vs/platform/terminal/node/ptyHostMain.js:9:21144)
    at process.emit (node:events:513:28)
    at emit (node:internal/child_process:939:14)
    at processTicksAndRejections (node:internal/process/task_queues:84:21)
[20:21:59] Error [CodeExpectedError]: Could not find pty on pty host
    at k.L (/home/cti/.vscode-server/bin/b380da4ef1ee00e224a15c1d4d9793e27c2b6302/out/vs/platform/terminal/node/ptyHostMain.js:28:6920)
    at k.updateTitle (/home/cti/.vscode-server/bin/b380da4ef1ee00e224a15c1d4d9793e27c2b6302/out/vs/platform/terminal/node/ptyHostMain.js:28:2627)
    at Object.call (/home/cti/.vscode-server/bin/b380da4ef1ee00e224a15c1d4d9793e27c2b6302/out/vs/platform/terminal/node/ptyHostMain.js:17:5058)
    at h.s (/home/cti/.vscode-server/bin/b380da4ef1ee00e224a15c1d4d9793e27c2b6302/out/vs/platform/terminal/node/ptyHostMain.js:15:5412)
    at h.q (/home/cti/.vscode-server/bin/b380da4ef1ee00e224a15c1d4d9793e27c2b6302/out/vs/platform/terminal/node/ptyHostMain.js:15:4915)
    at /home/cti/.vscode-server/bin/b380da4ef1ee00e224a15c1d4d9793e27c2b6302/out/vs/platform/terminal/node/ptyHostMain.js:15:4326
    at l.invoke (/home/cti/.vscode-server/bin/b380da4ef1ee00e224a15c1d4d9793e27c2b6302/out/vs/platform/terminal/node/ptyHostMain.js:11:145)
    at u.deliver (/home/cti/.vscode-server/bin/b380da4ef1ee00e224a15c1d4d9793e27c2b6302/out/vs/platform/terminal/node/ptyHostMain.js:11:2125)
    at s.fire (/home/cti/.vscode-server/bin/b380da4ef1ee00e224a15c1d4d9793e27c2b6302/out/vs/platform/terminal/node/ptyHostMain.js:11:1733)
    at process.z (/home/cti/.vscode-server/bin/b380da4ef1ee00e224a15c1d4d9793e27c2b6302/out/vs/platform/terminal/node/ptyHostMain.js:9:21144)
    at process.emit (node:events:513:28)
    at emit (node:internal/child_process:939:14)
    at processTicksAndRejections (node:internal/process/task_queues:84:21)
[20:23:07] [127.0.0.1][0c032e22][ManagementConnection] The client has disconnected gracefully, so the connection will be disposed.
[20:23:07] [127.0.0.1][87afacde][ExtensionHostConnection] <3247351> Extension Host Process exited with code: 0, signal: null.
Cancelling previous shutdown timeout
[20:23:07] Cancelling previous shutdown timeout
Last EH closed, waiting before shutting down
[20:23:07] Last EH closed, waiting before shutting down
Last EH closed, shutting down
[20:28:07] Last EH closed, shutting down
