["INFO" - 6:03:10 PM] Extension Name: esbenp.prettier-vscode.
["INFO" - 6:03:10 PM] Extension Version: 9.13.0.
["INFO" - 6:04:13 PM] Formatting vscode-userdata:/c%3A/Users/fabio/AppData/Roaming/Code/User/settings.json
["INFO" - 6:04:13 PM] File Info:
{
  "ignored": false,
  "inferredParser": "json"
}
["INFO" - 6:04:13 PM] No local configuration (i.e. .prettierrc or .editorconfig) detected, falling back to VS Code configuration
["INFO" - 6:04:13 PM] Prettier Options:
{
  "arrowParens": "always",
  "bracketSpacing": true,
  "endOfLine": "lf",
  "htmlWhitespaceSensitivity": "css",
  "insertPragma": false,
  "singleAttributePerLine": false,
  "bracketSameLine": false,
  "jsxBracketSameLine": false,
  "jsxSingleQuote": true,
  "printWidth": 90,
  "proseWrap": "preserve",
  "quoteProps": "as-needed",
  "requirePragma": false,
  "semi": true,
  "singleQuote": true,
  "tabWidth": 2,
  "trailingComma": "es5",
  "useTabs": false,
  "embeddedLanguageFormatting": "auto",
  "vueIndentScriptAndStyle": false,
  "filepath": "c:/Users/fabio/AppData/Roaming/Code/User/settings.json",
  "parser": "json"
}
["INFO" - 6:04:14 PM] Formatting completed in 431ms.
["INFO" - 6:34:01 PM] Formatting file:///home/cti/multus-experiment-files/net_attach_def/default-net-weave.yaml
["INFO" - 6:34:01 PM] Using ignore file (if present) at /home/cti/.prettierignore
["INFO" - 6:34:01 PM] File Info:
{
  "ignored": false,
  "inferredParser": "yaml"
}
["INFO" - 6:34:01 PM] No local configuration (i.e. .prettierrc or .editorconfig) detected, falling back to VS Code configuration
["INFO" - 6:34:01 PM] Prettier Options:
{
  "arrowParens": "always",
  "bracketSpacing": true,
  "endOfLine": "lf",
  "htmlWhitespaceSensitivity": "css",
  "insertPragma": false,
  "singleAttributePerLine": false,
  "bracketSameLine": false,
  "jsxBracketSameLine": false,
  "jsxSingleQuote": true,
  "printWidth": 90,
  "proseWrap": "preserve",
  "quoteProps": "as-needed",
  "requirePragma": false,
  "semi": true,
  "singleQuote": true,
  "tabWidth": 2,
  "trailingComma": "es5",
  "useTabs": false,
  "embeddedLanguageFormatting": "auto",
  "vueIndentScriptAndStyle": false,
  "filepath": "/home/cti/multus-experiment-files/net_attach_def/default-net-weave.yaml",
  "parser": "yaml"
}
["INFO" - 6:34:01 PM] Formatting completed in 106ms.
["INFO" - 6:38:51 PM] Formatting file:///home/cti/multus-experiment-files/net_attach_def/default-net-weave.yaml
["INFO" - 6:38:51 PM] Using ignore file (if present) at /home/cti/.prettierignore
["INFO" - 6:38:51 PM] File Info:
{
  "ignored": false,
  "inferredParser": "yaml"
}
["INFO" - 6:38:51 PM] No local configuration (i.e. .prettierrc or .editorconfig) detected, falling back to VS Code configuration
["INFO" - 6:38:51 PM] Prettier Options:
{
  "arrowParens": "always",
  "bracketSpacing": true,
  "endOfLine": "lf",
  "htmlWhitespaceSensitivity": "css",
  "insertPragma": false,
  "singleAttributePerLine": false,
  "bracketSameLine": false,
  "jsxBracketSameLine": false,
  "jsxSingleQuote": true,
  "printWidth": 90,
  "proseWrap": "preserve",
  "quoteProps": "as-needed",
  "requirePragma": false,
  "semi": true,
  "singleQuote": true,
  "tabWidth": 2,
  "trailingComma": "es5",
  "useTabs": false,
  "embeddedLanguageFormatting": "auto",
  "vueIndentScriptAndStyle": false,
  "filepath": "/home/cti/multus-experiment-files/net_attach_def/default-net-weave.yaml",
  "parser": "yaml"
}
["INFO" - 6:38:51 PM] Formatting completed in 54ms.
["INFO" - 6:39:21 PM] Formatting file:///home/cti/multus-experiment-files/net_attach_def/default-net-weave.yaml
["INFO" - 6:39:21 PM] Using ignore file (if present) at /home/cti/.prettierignore
["INFO" - 6:39:21 PM] File Info:
{
  "ignored": false,
  "inferredParser": "yaml"
}
["INFO" - 6:39:21 PM] No local configuration (i.e. .prettierrc or .editorconfig) detected, falling back to VS Code configuration
["INFO" - 6:39:21 PM] Prettier Options:
{
  "arrowParens": "always",
  "bracketSpacing": true,
  "endOfLine": "lf",
  "htmlWhitespaceSensitivity": "css",
  "insertPragma": false,
  "singleAttributePerLine": false,
  "bracketSameLine": false,
  "jsxBracketSameLine": false,
  "jsxSingleQuote": true,
  "printWidth": 90,
  "proseWrap": "preserve",
  "quoteProps": "as-needed",
  "requirePragma": false,
  "semi": true,
  "singleQuote": true,
  "tabWidth": 2,
  "trailingComma": "es5",
  "useTabs": false,
  "embeddedLanguageFormatting": "auto",
  "vueIndentScriptAndStyle": false,
  "filepath": "/home/cti/multus-experiment-files/net_attach_def/default-net-weave.yaml",
  "parser": "yaml"
}
["INFO" - 6:39:21 PM] Formatting completed in 29ms.
["INFO" - 6:39:22 PM] Formatting file:///home/cti/multus-experiment-files/net_attach_def/default-net-weave.yaml
["INFO" - 6:39:22 PM] Using ignore file (if present) at /home/cti/.prettierignore
["INFO" - 6:39:22 PM] File Info:
{
  "ignored": false,
  "inferredParser": "yaml"
}
["INFO" - 6:39:22 PM] No local configuration (i.e. .prettierrc or .editorconfig) detected, falling back to VS Code configuration
["INFO" - 6:39:22 PM] Prettier Options:
{
  "arrowParens": "always",
  "bracketSpacing": true,
  "endOfLine": "lf",
  "htmlWhitespaceSensitivity": "css",
  "insertPragma": false,
  "singleAttributePerLine": false,
  "bracketSameLine": false,
  "jsxBracketSameLine": false,
  "jsxSingleQuote": true,
  "printWidth": 90,
  "proseWrap": "preserve",
  "quoteProps": "as-needed",
  "requirePragma": false,
  "semi": true,
  "singleQuote": true,
  "tabWidth": 2,
  "trailingComma": "es5",
  "useTabs": false,
  "embeddedLanguageFormatting": "auto",
  "vueIndentScriptAndStyle": false,
  "filepath": "/home/cti/multus-experiment-files/net_attach_def/default-net-weave.yaml",
  "parser": "yaml"
}
["INFO" - 6:39:22 PM] Formatting completed in 23ms.
